[0.077s] Invoking command in '/home/tungchiahui/user/mysource/ros2src/5.opencv_demo_ws/build/opencv_demo3_0_save_media_file': CMAKE_PREFIX_PATH=${CMAKE_PREFIX_PATH}:/opt/ros/humble /usr/bin/cmake /home/tungchiahui/user/mysource/ros2src/5.opencv_demo_ws/src/opencv_demo3_0_save_media_file -DCMAKE_INSTALL_PREFIX=/home/tungchiahui/user/mysource/ros2src/5.opencv_demo_ws/install/opencv_demo3_0_save_media_file
[0.109s] -- The C compiler identification is GNU 11.4.0
[0.148s] -- The CXX compiler identification is GNU 11.4.0
[0.154s] -- Detecting C compiler ABI info
[0.198s] -- Detecting C compiler ABI info - done
[0.207s] -- Check for working C compiler: /usr/bin/cc - skipped
[0.207s] -- Detecting C compile features
[0.207s] -- Detecting C compile features - done
[0.210s] -- Detecting CXX compiler ABI info
[0.271s] -- Detecting CXX compiler ABI info - done
[0.277s] -- Check for working CXX compiler: /usr/bin/c++ - skipped
[0.277s] -- Detecting CXX compile features
[0.277s] -- Detecting CXX compile features - done
[0.278s] -- Found ament_cmake: 1.3.6 (/opt/ros/humble/share/ament_cmake/cmake)
[0.400s] -- Found Python3: /usr/bin/python3.10 (found version "3.10.12") found components: Interpreter 
[0.454s] -- Found rclcpp: 16.0.7 (/opt/ros/humble/share/rclcpp/cmake)
[0.481s] -- Found rosidl_generator_c: 3.1.5 (/opt/ros/humble/share/rosidl_generator_c/cmake)
[0.484s] -- Found rosidl_adapter: 3.1.5 (/opt/ros/humble/share/rosidl_adapter/cmake)
[0.489s] -- Found rosidl_generator_cpp: 3.1.5 (/opt/ros/humble/share/rosidl_generator_cpp/cmake)
[0.499s] -- Using all available rosidl_typesupport_c: rosidl_typesupport_fastrtps_c;rosidl_typesupport_introspection_c
[0.511s] -- Using all available rosidl_typesupport_cpp: rosidl_typesupport_fastrtps_cpp;rosidl_typesupport_introspection_cpp
[0.563s] -- Found rmw_implementation_cmake: 6.1.1 (/opt/ros/humble/share/rmw_implementation_cmake/cmake)
[0.564s] -- Found rmw_fastrtps_cpp: 6.2.5 (/opt/ros/humble/share/rmw_fastrtps_cpp/cmake)
[0.622s] -- Found OpenSSL: /usr/lib/x86_64-linux-gnu/libcrypto.so (found version "3.0.2")  
[0.640s] -- Found FastRTPS: /opt/ros/humble/include  
[0.671s] -- Using RMW implementation 'rmw_fastrtps_cpp' as default
[0.677s] -- Looking for pthread.h
[0.725s] -- Looking for pthread.h - found
[0.725s] -- Performing Test CMAKE_HAVE_LIBC_PTHREAD
[0.776s] -- Performing Test CMAKE_HAVE_LIBC_PTHREAD - Success
[0.777s] -- Found Threads: TRUE  
[0.923s] -- Found CUDA: /usr/local/cuda-11.8 (found suitable exact version "11.8") 
[0.929s] -- Found OpenCV: /usr/local/opencv-4.8.1 (found version "4.8.1") 
[0.930s] -- Found sensor_msgs: 4.2.3 (/opt/ros/humble/share/sensor_msgs/cmake)
[1.025s] -- Found cv_bridge: 3.2.1 (/opt/ros/humble/share/cv_bridge/cmake)
[1.031s] -- Found image_transport: 3.1.7 (/opt/ros/humble/share/image_transport/cmake)
[1.066s] -- Found ament_lint_auto: 0.12.9 (/opt/ros/humble/share/ament_lint_auto/cmake)
[1.119s] -- Added test 'cppcheck' to perform static code analysis on C / C++ code
[1.119s] -- Configured cppcheck include dirs: /home/tungchiahui/user/mysource/ros2src/5.opencv_demo_ws/src/opencv_demo3_0_save_media_file/include/opencv_demo3_0_save_media_file;$<BUILD_INTERFACE:/home/tungchiahui/user/mysource/ros2src/5.opencv_demo_ws/src/opencv_demo3_0_save_media_file/include>
[1.119s] -- Configured cppcheck exclude dirs and/or files: 
[1.121s] -- Added test 'lint_cmake' to check CMake code style
[1.122s] -- Added test 'uncrustify' to check C / C++ code style
[1.122s] -- Configured uncrustify additional arguments: 
[1.122s] -- Added test 'xmllint' to check XML markup files
[1.123s] -- Configuring done
[1.147s] -- Generating done
[1.149s] -- Build files have been written to: /home/tungchiahui/user/mysource/ros2src/5.opencv_demo_ws/build/opencv_demo3_0_save_media_file
[1.160s] Invoked command in '/home/tungchiahui/user/mysource/ros2src/5.opencv_demo_ws/build/opencv_demo3_0_save_media_file' returned '0': CMAKE_PREFIX_PATH=${CMAKE_PREFIX_PATH}:/opt/ros/humble /usr/bin/cmake /home/tungchiahui/user/mysource/ros2src/5.opencv_demo_ws/src/opencv_demo3_0_save_media_file -DCMAKE_INSTALL_PREFIX=/home/tungchiahui/user/mysource/ros2src/5.opencv_demo_ws/install/opencv_demo3_0_save_media_file
[1.162s] Invoking command in '/home/tungchiahui/user/mysource/ros2src/5.opencv_demo_ws/build/opencv_demo3_0_save_media_file': CMAKE_PREFIX_PATH=${CMAKE_PREFIX_PATH}:/opt/ros/humble /usr/bin/cmake --build /home/tungchiahui/user/mysource/ros2src/5.opencv_demo_ws/build/opencv_demo3_0_save_media_file -- -j16 -l16
[1.197s] [ 16%] [32mBuilding CXX object CMakeFiles/opencv_save_image_node.dir/src/opencv_save_image_node.cpp.o[0m
[1.203s] [ 50%] [32mBuilding CXX object CMakeFiles/opencv_save_video_node.dir/src/opencv_save_video_node.cpp.o[0m
[1.203s] [ 50%] [32mBuilding CXX object CMakeFiles/opencv_save_image_in_video_node.dir/src/opencv_save_image_in_video_node.cpp.o[0m
[1.525s] [01m[K/home/tungchiahui/user/mysource/ros2src/5.opencv_demo_ws/src/opencv_demo3_0_save_media_file/src/opencv_save_video_node.cpp:6:10:[m[K [01;31m[Kfatal error: [m[K./opencv_demo3_0_save_media_file/include/opencv_demo3_0_save_media_file/keyboard_ascii.h: No such file or directory
[1.525s]     6 | #include [01;31m[K"./opencv_demo3_0_save_media_file/include/opencv_demo3_0_save_media_file/keyboard_ascii.h"[m[K
[1.525s]       |          [01;31m[K^~~~~~~~~~~~~~~~~~~~~~~~~~~~~~~~~~~~~~~~~~~~~~~~~~~~~~~~~~~~~~~~~~~~~~~~~~~~~~~~~~~~~~~~~~[m[K
[1.525s] compilation terminated.
[1.530s] gmake[2]: *** [CMakeFiles/opencv_save_video_node.dir/build.make:76: CMakeFiles/opencv_save_video_node.dir/src/opencv_save_video_node.cpp.o] Error 1
[1.530s] gmake[1]: *** [CMakeFiles/Makefile2:193: CMakeFiles/opencv_save_video_node.dir/all] Error 2
[1.530s] gmake[1]: *** Waiting for unfinished jobs....
[4.668s] [ 66%] [32m[1mLinking CXX executable opencv_save_image_node[0m
[4.793s] [ 66%] Built target opencv_save_image_node
[5.621s] [ 83%] [32m[1mLinking CXX executable opencv_save_image_in_video_node[0m
[5.839s] [ 83%] Built target opencv_save_image_in_video_node
[5.839s] gmake: *** [Makefile:146: all] Error 2
[5.841s] Invoked command in '/home/tungchiahui/user/mysource/ros2src/5.opencv_demo_ws/build/opencv_demo3_0_save_media_file' returned '2': CMAKE_PREFIX_PATH=${CMAKE_PREFIX_PATH}:/opt/ros/humble /usr/bin/cmake --build /home/tungchiahui/user/mysource/ros2src/5.opencv_demo_ws/build/opencv_demo3_0_save_media_file -- -j16 -l16
