[0.031s] Invoking command in '/home/tungchiahui/mysource/ROS2_WS/8.ws_compro/build/cpp01_serial': CMAKE_PREFIX_PATH=${CMAKE_PREFIX_PATH}:/opt/ros/jazzy DEBUGINFOD_URLS=https://debuginfod.ubuntu.com /usr/bin/cmake --build /home/tungchiahui/mysource/ROS2_WS/8.ws_compro/build/cpp01_serial -- -j4 -l4
[0.171s] [ 50%] [32mBuilding CXX object CMakeFiles/demo01_uart_send.dir/src/demo01_uart_send.cpp.o[0m
[0.560s] [01m[K/home/tungchiahui/mysource/ROS2_WS/8.ws_compro/src/cpp01_serial/src/demo01_uart_send.cpp:2:10:[m[K [01;31m[Kfatal error: [m[Kserial_driver.hpp: No such file or directory
[0.560s]     2 | #include [01;31m[K"serial_driver.hpp"[m[K
[0.560s]       |          [01;31m[K^~~~~~~~~~~~~~~~~~~[m[K
[0.560s] compilation terminated.
[0.565s] gmake[2]: *** [CMakeFiles/demo01_uart_send.dir/build.make:76: CMakeFiles/demo01_uart_send.dir/src/demo01_uart_send.cpp.o] Error 1
[0.566s] gmake[1]: *** [CMakeFiles/Makefile2:137: CMakeFiles/demo01_uart_send.dir/all] Error 2
[0.566s] gmake: *** [Makefile:146: all] Error 2
[0.570s] Invoked command in '/home/tungchiahui/mysource/ROS2_WS/8.ws_compro/build/cpp01_serial' returned '2': CMAKE_PREFIX_PATH=${CMAKE_PREFIX_PATH}:/opt/ros/jazzy DEBUGINFOD_URLS=https://debuginfod.ubuntu.com /usr/bin/cmake --build /home/tungchiahui/mysource/ROS2_WS/8.ws_compro/build/cpp01_serial -- -j4 -l4
