[35m[1mConsolidate compiler generated dependencies of target opencv_save_image_in_video_node[0m
[35m[1mConsolidate compiler generated dependencies of target opencv_save_video_node[0m
[35m[1mConsolidate compiler generated dependencies of target opencv_save_image_node[0m
[ 16%] [32mBuilding CXX object CMakeFiles/opencv_save_image_node.dir/src/opencv_save_image_node.cpp.o[0m
[ 33%] [32mBuilding CXX object CMakeFiles/opencv_save_video_node.dir/src/opencv_save_video_node.cpp.o[0m
[ 50%] [32mBuilding CXX object CMakeFiles/opencv_save_image_in_video_node.dir/src/opencv_save_image_in_video_node.cpp.o[0m
[01m[K/home/tungchiahui/user/mysource/ros2src/5.opencv_demo_ws/src/opencv_demo3_0_save_media_file/src/opencv_save_video_node.cpp:6:10:[m[K [01;31m[Kfatal error: [m[Kkeyboard_ascii.h: No such file or directory
    6 | #include [01;31m[K"keyboard_ascii.h"[m[K
      |          [01;31m[K^~~~~~~~~~~~~~~~~~[m[K
compilation terminated.
gmake[2]: *** [CMakeFiles/opencv_save_video_node.dir/build.make:76: CMakeFiles/opencv_save_video_node.dir/src/opencv_save_video_node.cpp.o] Error 1
gmake[1]: *** [CMakeFiles/Makefile2:193: CMakeFiles/opencv_save_video_node.dir/all] Error 2
gmake[1]: *** Waiting for unfinished jobs....
[ 66%] [32m[1mLinking CXX executable opencv_save_image_in_video_node[0m
[ 83%] [32m[1mLinking CXX executable opencv_save_image_node[0m
[ 83%] Built target opencv_save_image_node
[ 83%] Built target opencv_save_image_in_video_node
gmake: *** [Makefile:146: all] Error 2
