[0.078s] Invoking command in '/home/tungchiahui/user/mysource/ros2src/5.opencv_demo_ws/build/opencv_demo3_0_save_media_file': CMAKE_PREFIX_PATH=${CMAKE_PREFIX_PATH}:/opt/ros/humble /usr/bin/cmake --build /home/tungchiahui/user/mysource/ros2src/5.opencv_demo_ws/build/opencv_demo3_0_save_media_file -- -j16 -l16
[0.104s] [35m[1mConsolidate compiler generated dependencies of target opencv_save_image_node[0m
[0.104s] [35m[1mConsolidate compiler generated dependencies of target opencv_save_image_in_video_node[0m
[0.111s] [ 16%] [32mBuilding CXX object CMakeFiles/opencv_save_video_node.dir/src/opencv_save_video_node.cpp.o[0m
[0.118s] [ 50%] Built target opencv_save_image_node
[0.120s] [ 83%] Built target opencv_save_image_in_video_node
[0.299s] [01m[K/home/tungchiahui/user/mysource/ros2src/5.opencv_demo_ws/src/opencv_demo3_0_save_media_file/src/opencv_save_video_node.cpp:6:10:[m[K [01;31m[Kfatal error: [m[K./opencv_demo3_0_save_media_file/include/opencv_demo3_0_save_media_file/keyboard_ascii.h: No such file or directory
[0.300s]     6 | #include [01;31m[K"./opencv_demo3_0_save_media_file/include/opencv_demo3_0_save_media_file/keyboard_ascii.h"[m[K
[0.300s]       |          [01;31m[K^~~~~~~~~~~~~~~~~~~~~~~~~~~~~~~~~~~~~~~~~~~~~~~~~~~~~~~~~~~~~~~~~~~~~~~~~~~~~~~~~~~~~~~~~~[m[K
[0.300s] compilation terminated.
[0.303s] gmake[2]: *** [CMakeFiles/opencv_save_video_node.dir/build.make:76: CMakeFiles/opencv_save_video_node.dir/src/opencv_save_video_node.cpp.o] Error 1
[0.303s] gmake[1]: *** [CMakeFiles/Makefile2:193: CMakeFiles/opencv_save_video_node.dir/all] Error 2
[0.303s] gmake: *** [Makefile:146: all] Error 2
[0.383s] Invoked command in '/home/tungchiahui/user/mysource/ros2src/5.opencv_demo_ws/build/opencv_demo3_0_save_media_file' returned '2': CMAKE_PREFIX_PATH=${CMAKE_PREFIX_PATH}:/opt/ros/humble /usr/bin/cmake --build /home/tungchiahui/user/mysource/ros2src/5.opencv_demo_ws/build/opencv_demo3_0_save_media_file -- -j16 -l16
