In file included from [01m[K/opt/ros/humble/include/rclcpp/rclcpp/rclcpp.hpp:155[m[K,
                 from [01m[K/home/tungchiahui/mysource/ros2src/3.ws01_plumbing/src/cpp03_action/src/demo02_action_client.cpp:1[m[K:
/opt/ros/humble/include/rclcpp/rclcpp/executors.hpp: In instantiation of â€˜[01m[Krclcpp::FutureReturnCode rclcpp::spin_until_future_complete(std::shared_ptr<_Tp>, const FutureT&, std::chrono::duration<_Rep2, _Period2>) [with NodeT = rclcpp_action::Client<base_interfaces_demo::action::Progress>; FutureT = std::shared_future<std::shared_ptr<action_msgs::srv::CancelGoal_Response_<std::allocator<void> > > >; TimeRepT = long int; TimeT = std::ratio<1, 1000>][m[Kâ€™:
[01m[K/home/tungchiahui/mysource/ros2src/3.ws01_plumbing/src/cpp03_action/src/demo02_action_client.cpp:70:39:[m[K   required from here
[01m[K/opt/ros/humble/include/rclcpp/rclcpp/executors.hpp:122:55:[m[K [01;31m[Kerror: [m[Kâ€˜[01m[Kusing element_type = class rclcpp_action::Client<base_interfaces_demo::action::Progress>[m[Kâ€™ {aka â€˜[01m[Kclass rclcpp_action::Client<base_interfaces_demo::action::Progress>[m[Kâ€™} has no member named â€˜[01m[Kget_node_base_interface[m[Kâ€™
  122 |   return rclcpp::spin_until_future_complete([01;31m[Knode_ptr->get_node_base_interface[m[K(), future, timeout);
      |                                             [01;31m[K~~~~~~~~~~^~~~~~~~~~~~~~~~~~~~~~~[m[K
gmake[2]: *** [CMakeFiles/demo02_action_client.dir/build.make:76: CMakeFiles/demo02_action_client.dir/src/demo02_action_client.cpp.o] Error 1
gmake[1]: *** [CMakeFiles/Makefile2:165: CMakeFiles/demo02_action_client.dir/all] Error 2
gmake: *** [Makefile:146: all] Error 2
