[0.014s] Invoking command in '/home/tungchiahui/mysource/ros2src/3.ws01_plumbing/build/cpp03_action': AMENT_PREFIX_PATH=/home/tungchiahui/mysource/ros2src/3.ws01_plumbing/install/base_interfaces_demo:${AMENT_PREFIX_PATH} CMAKE_PREFIX_PATH=/home/tungchiahui/mysource/ros2src/3.ws01_plumbing/install/base_interfaces_demo:/opt/ros/humble LD_LIBRARY_PATH=/home/tungchiahui/mysource/ros2src/3.ws01_plumbing/install/base_interfaces_demo/lib:${LD_LIBRARY_PATH} PYTHONPATH=/home/tungchiahui/mysource/ros2src/3.ws01_plumbing/install/base_interfaces_demo/local/lib/python3.10/dist-packages:${PYTHONPATH} /usr/bin/cmake --build /home/tungchiahui/mysource/ros2src/3.ws01_plumbing/build/cpp03_action -- -j16 -l16
[0.076s] [35m[1mConsolidate compiler generated dependencies of target demo02_action_client[0m
[0.083s] [ 50%] Built target demo01_action_server
[0.087s] [ 75%] [32mBuilding CXX object CMakeFiles/demo02_action_client.dir/src/demo02_action_client.cpp.o[0m
[1.817s] In file included from [01m[K/opt/ros/humble/include/rclcpp/rclcpp/rclcpp.hpp:155[m[K,
[1.817s]                  from [01m[K/home/tungchiahui/mysource/ros2src/3.ws01_plumbing/src/cpp03_action/src/demo02_action_client.cpp:1[m[K:
[1.817s] /opt/ros/humble/include/rclcpp/rclcpp/executors.hpp: In instantiation of â€˜[01m[Krclcpp::FutureReturnCode rclcpp::spin_until_future_complete(std::shared_ptr<_Tp>, const FutureT&, std::chrono::duration<_Rep2, _Period2>) [with NodeT = rclcpp_action::Client<base_interfaces_demo::action::Progress>; FutureT = std::shared_future<std::shared_ptr<action_msgs::srv::CancelGoal_Response_<std::allocator<void> > > >; TimeRepT = long int; TimeT = std::ratio<1, 1000>][m[Kâ€™:
[1.817s] [01m[K/home/tungchiahui/mysource/ros2src/3.ws01_plumbing/src/cpp03_action/src/demo02_action_client.cpp:70:39:[m[K   required from here
[1.818s] [01m[K/opt/ros/humble/include/rclcpp/rclcpp/executors.hpp:122:55:[m[K [01;31m[Kerror: [m[Kâ€˜[01m[Kusing element_type = class rclcpp_action::Client<base_interfaces_demo::action::Progress>[m[Kâ€™ {aka â€˜[01m[Kclass rclcpp_action::Client<base_interfaces_demo::action::Progress>[m[Kâ€™} has no member named â€˜[01m[Kget_node_base_interface[m[Kâ€™
[1.818s]   122 |   return rclcpp::spin_until_future_complete([01;31m[Knode_ptr->get_node_base_interface[m[K(), future, timeout);
[1.818s]       |                                             [01;31m[K~~~~~~~~~~^~~~~~~~~~~~~~~~~~~~~~~[m[K
[2.249s] gmake[2]: *** [CMakeFiles/demo02_action_client.dir/build.make:76: CMakeFiles/demo02_action_client.dir/src/demo02_action_client.cpp.o] Error 1
[2.249s] gmake[1]: *** [CMakeFiles/Makefile2:165: CMakeFiles/demo02_action_client.dir/all] Error 2
[2.249s] gmake: *** [Makefile:146: all] Error 2
[2.251s] Invoked command in '/home/tungchiahui/mysource/ros2src/3.ws01_plumbing/build/cpp03_action' returned '2': AMENT_PREFIX_PATH=/home/tungchiahui/mysource/ros2src/3.ws01_plumbing/install/base_interfaces_demo:${AMENT_PREFIX_PATH} CMAKE_PREFIX_PATH=/home/tungchiahui/mysource/ros2src/3.ws01_plumbing/install/base_interfaces_demo:/opt/ros/humble LD_LIBRARY_PATH=/home/tungchiahui/mysource/ros2src/3.ws01_plumbing/install/base_interfaces_demo/lib:${LD_LIBRARY_PATH} PYTHONPATH=/home/tungchiahui/mysource/ros2src/3.ws01_plumbing/install/base_interfaces_demo/local/lib/python3.10/dist-packages:${PYTHONPATH} /usr/bin/cmake --build /home/tungchiahui/mysource/ros2src/3.ws01_plumbing/build/cpp03_action -- -j16 -l16
