[0.009s] Invoking command in '/home/tungchiahui/UserFloder/mysource/ROS/ROS2_WS/6.ws_simulations/build/stage_ros2': CMAKE_PREFIX_PATH=/home/tungchiahui/UserFloder/mysource/ROS/ROS2_WS/6.ws_simulations/install/Stage:/home/tungchiahui/UserFloder/mysource/ROS/ROS2_WS/6.ws_simulations/install/mycar_description:/home/tungchiahui/UserFloder/mysource/ROS/ROS2_WS/6.ws_simulations/install/demo_gazebo_sim:/opt/ros/jazzy/opt/gz_sim_vendor:/opt/ros/jazzy/opt/gz_sensors_vendor:/opt/ros/jazzy/opt/gz_physics_vendor:/opt/ros/jazzy/opt/sdformat_vendor:/opt/ros/jazzy/opt/gz_gui_vendor:/opt/ros/jazzy/opt/gz_transport_vendor:/opt/ros/jazzy/opt/gz_rendering_vendor:/opt/ros/jazzy/opt/gz_plugin_vendor:/opt/ros/jazzy/opt/gz_fuel_tools_vendor:/opt/ros/jazzy/opt/gz_msgs_vendor:/opt/ros/jazzy/opt/gz_common_vendor:/opt/ros/jazzy/opt/gz_math_vendor:/opt/ros/jazzy/opt/gz_utils_vendor:/opt/ros/jazzy/opt/gz_tools_vendor:/opt/ros/jazzy/opt/gz_ogre_next_vendor:/opt/ros/jazzy/opt/gz_dartsim_vendor:/opt/ros/jazzy/opt/gz_cmake_vendor:/opt/ros/jazzy /usr/bin/cmake --build /home/tungchiahui/UserFloder/mysource/ROS/ROS2_WS/6.ws_simulations/build/stage_ros2 -- -j16 -l16
[0.086s] [ 14%] [32mBuilding CXX object CMakeFiles/stage_node.dir/src/stage_node.cpp.o[0m
[0.086s] [ 28%] [32mBuilding CXX object CMakeFiles/stage_node.dir/src/vehicle.cpp.o[0m
[0.087s] [ 42%] [32mBuilding CXX object CMakeFiles/stage_node.dir/src/ranger.cpp.o[0m
[0.087s] [ 57%] [32mBuilding CXX object CMakeFiles/stage_node.dir/src/camera.cpp.o[0m
[1.032s] In file included from [01m[K/usr/include/X11/Xlib.h:44[m[K,
[1.032s]                  from [01m[K/usr/include/FL/x.H:37[m[K,
[1.032s]                  from [01m[K/usr/include/FL/fl_draw.H:27[m[K,
[1.032s]                  from [01m[K/home/tungchiahui/UserFloder/mysource/ROS/ROS2_WS/6.ws_simulations/install/Stage/include/Stage-4.3/stage.hh:64[m[K,
[1.032s]                  from [01m[K/home/tungchiahui/UserFloder/mysource/ROS/ROS2_WS/6.ws_simulations/src/stage_ros2/./include/stage_ros2/stage_node.hpp:14[m[K,
[1.032s]                  from [01m[K/home/tungchiahui/UserFloder/mysource/ROS/ROS2_WS/6.ws_simulations/src/stage_ros2/src/ranger.cpp:1[m[K:
[1.032s] [01m[K/opt/ros/jazzy/include/rclcpp/rclcpp/utilities.hpp:56:3:[m[K [01;31m[Kerror: [m[Kexpected identifier before numeric constant
[1.032s]    56 |   [01;31m[KNone[m[K,
[1.032s]       |   [01;31m[K^~~~[m[K
[1.032s] [01m[K/opt/ros/jazzy/include/rclcpp/rclcpp/utilities.hpp:56:3:[m[K [01;31m[Kerror: [m[Kexpected â€˜[01m[K}[m[Kâ€™ before numeric constant
[1.033s] In file included from [01m[K/opt/ros/jazzy/include/rclcpp/rclcpp/logging.hpp:25[m[K,
[1.033s]                  from [01m[K/opt/ros/jazzy/include/rclcpp/rclcpp/copy_all_parameter_values.hpp:27[m[K,
[1.033s]                  from [01m[K/opt/ros/jazzy/include/rclcpp/rclcpp/rclcpp.hpp:171[m[K,
[1.033s]                  from [01m[K/home/tungchiahui/UserFloder/mysource/ROS/ROS2_WS/6.ws_simulations/src/stage_ros2/./include/stage_ros2/stage_node.hpp:17[m[K:
[1.033s] [01m[K/opt/ros/jazzy/include/rclcpp/rclcpp/utilities.hpp:48:1:[m[K [01;36m[Knote: [m[Kto match this â€˜[01m[K{[m[Kâ€™
[1.033s]    48 | [01;36m[K{[m[K
[1.033s]       | [01;36m[K^[m[K
[1.033s] [01m[K/opt/ros/jazzy/include/rclcpp/rclcpp/utilities.hpp:56:3:[m[K [01;31m[Kerror: [m[Kexpected unqualified-id before numeric constant
[1.033s]    56 |   [01;31m[KNone[m[K,
[1.033s]       |   [01;31m[K^~~~[m[K
[1.033s] In file included from [01m[K/usr/include/X11/Xlib.h:44[m[K,
[1.034s]                  from [01m[K/usr/include/FL/x.H:37[m[K,
[1.034s]                  from [01m[K/usr/include/FL/fl_draw.H:27[m[K,
[1.034s]                  from [01m[K/home/tungchiahui/UserFloder/mysource/ROS/ROS2_WS/6.ws_simulations/install/Stage/include/Stage-4.3/stage.hh:64[m[K,
[1.034s]                  from [01m[K/home/tungchiahui/UserFloder/mysource/ROS/ROS2_WS/6.ws_simulations/src/stage_ros2/./include/stage_ros2/stage_node.hpp:14[m[K,
[1.034s]                  from [01m[K/home/tungchiahui/UserFloder/mysource/ROS/ROS2_WS/6.ws_simulations/src/stage_ros2/src/camera.cpp:1[m[K:
[1.034s] [01m[K/opt/ros/jazzy/include/rclcpp/rclcpp/utilities.hpp:56:3:[m[K [01;31m[Kerror: [m[Kexpected identifier before numeric constant
[1.034s]    56 |   [01;31m[KNone[m[K,
[1.034s]       |   [01;31m[K^~~~[m[K
[1.034s] [01m[K/opt/ros/jazzy/include/rclcpp/rclcpp/utilities.hpp:56:3:[m[K [01;31m[Kerror: [m[Kexpected â€˜[01m[K}[m[Kâ€™ before numeric constant
[1.034s] In file included from [01m[K/opt/ros/jazzy/include/rclcpp/rclcpp/logging.hpp:25[m[K,
[1.034s]                  from [01m[K/opt/ros/jazzy/include/rclcpp/rclcpp/copy_all_parameter_values.hpp:27[m[K,
[1.034s]                  from [01m[K/opt/ros/jazzy/include/rclcpp/rclcpp/rclcpp.hpp:171[m[K,
[1.034s]                  from [01m[K/home/tungchiahui/UserFloder/mysource/ROS/ROS2_WS/6.ws_simulations/src/stage_ros2/./include/stage_ros2/stage_node.hpp:17[m[K:
[1.034s] [01m[K/opt/ros/jazzy/include/rclcpp/rclcpp/utilities.hpp:48:1:[m[K [01;36m[Knote: [m[Kto match this â€˜[01m[K{[m[Kâ€™
[1.034s]    48 | [01;36m[K{[m[K
[1.035s]       | [01;36m[K^[m[K
[1.035s] [01m[K/opt/ros/jazzy/include/rclcpp/rclcpp/utilities.hpp:56:3:[m[K [01;31m[Kerror: [m[Kexpected unqualified-id before numeric constant
[1.035s]    56 |   [01;31m[KNone[m[K,
[1.035s]       |   [01;31m[K^~~~[m[K
[1.035s] In file included from [01m[K/usr/include/X11/Xlib.h:44[m[K,
[1.035s]                  from [01m[K/usr/include/FL/x.H:37[m[K,
[1.035s]                  from [01m[K/usr/include/FL/fl_draw.H:27[m[K,
[1.035s]                  from [01m[K/home/tungchiahui/UserFloder/mysource/ROS/ROS2_WS/6.ws_simulations/install/Stage/include/Stage-4.3/stage.hh:64[m[K,
[1.035s]                  from [01m[K/home/tungchiahui/UserFloder/mysource/ROS/ROS2_WS/6.ws_simulations/src/stage_ros2/./include/stage_ros2/stage_node.hpp:14[m[K,
[1.035s]                  from [01m[K/home/tungchiahui/UserFloder/mysource/ROS/ROS2_WS/6.ws_simulations/src/stage_ros2/src/vehicle.cpp:1[m[K:
[1.035s] [01m[K/opt/ros/jazzy/include/rclcpp/rclcpp/utilities.hpp:56:3:[m[K [01;31m[Kerror: [m[Kexpected identifier before numeric constant
[1.035s]    56 |   [01;31m[KNone[m[K,
[1.035s]       |   [01;31m[K^~~~[m[K
[1.035s] [01m[K/opt/ros/jazzy/include/rclcpp/rclcpp/utilities.hpp:56:3:[m[K [01;31m[Kerror: [m[Kexpected â€˜[01m[K}[m[Kâ€™ before numeric constant
[1.035s] In file included from [01m[K/opt/ros/jazzy/include/rclcpp/rclcpp/logging.hpp:25[m[K,
[1.035s]                  from [01m[K/opt/ros/jazzy/include/rclcpp/rclcpp/copy_all_parameter_values.hpp:27[m[K,
[1.035s]                  from [01m[K/opt/ros/jazzy/include/rclcpp/rclcpp/rclcpp.hpp:171[m[K,
[1.035s]                  from [01m[K/home/tungchiahui/UserFloder/mysource/ROS/ROS2_WS/6.ws_simulations/src/stage_ros2/./include/stage_ros2/stage_node.hpp:17[m[K:
[1.035s] [01m[K/opt/ros/jazzy/include/rclcpp/rclcpp/utilities.hpp:48:1:[m[K [01;36m[Knote: [m[Kto match this â€˜[01m[K{[m[Kâ€™
[1.035s]    48 | [01;36m[K{[m[K
[1.035s]       | [01;36m[K^[m[K
[1.035s] [01m[K/opt/ros/jazzy/include/rclcpp/rclcpp/utilities.hpp:56:3:[m[K [01;31m[Kerror: [m[Kexpected unqualified-id before numeric constant
[1.036s]    56 |   [01;31m[KNone[m[K,
[1.036s]       |   [01;31m[K^~~~[m[K
[1.036s] In file included from [01m[K/usr/include/X11/Xlib.h:44[m[K,
[1.036s]                  from [01m[K/usr/include/FL/x.H:37[m[K,
[1.036s]                  from [01m[K/usr/include/FL/fl_draw.H:27[m[K,
[1.036s]                  from [01m[K/home/tungchiahui/UserFloder/mysource/ROS/ROS2_WS/6.ws_simulations/install/Stage/include/Stage-4.3/stage.hh:64[m[K,
[1.036s]                  from [01m[K/home/tungchiahui/UserFloder/mysource/ROS/ROS2_WS/6.ws_simulations/src/stage_ros2/./include/stage_ros2/stage_node.hpp:14[m[K,
[1.036s]                  from [01m[K/home/tungchiahui/UserFloder/mysource/ROS/ROS2_WS/6.ws_simulations/src/stage_ros2/src/stage_node.cpp:1[m[K:
[1.036s] [01m[K/opt/ros/jazzy/include/rclcpp/rclcpp/utilities.hpp:56:3:[m[K [01;31m[Kerror: [m[Kexpected identifier before numeric constant
[1.036s]    56 |   [01;31m[KNone[m[K,
[1.036s]       |   [01;31m[K^~~~[m[K
[1.036s] [01m[K/opt/ros/jazzy/include/rclcpp/rclcpp/utilities.hpp:56:3:[m[K [01;31m[Kerror: [m[Kexpected â€˜[01m[K}[m[Kâ€™ before numeric constant
[1.036s] In file included from [01m[K/opt/ros/jazzy/include/rclcpp/rclcpp/logging.hpp:25[m[K,
[1.036s]                  from [01m[K/opt/ros/jazzy/include/rclcpp/rclcpp/copy_all_parameter_values.hpp:27[m[K,
[1.036s]                  from [01m[K/opt/ros/jazzy/include/rclcpp/rclcpp/rclcpp.hpp:171[m[K,
[1.036s]                  from [01m[K/home/tungchiahui/UserFloder/mysource/ROS/ROS2_WS/6.ws_simulations/src/stage_ros2/./include/stage_ros2/stage_node.hpp:17[m[K:
[1.036s] [01m[K/opt/ros/jazzy/include/rclcpp/rclcpp/utilities.hpp:48:1:[m[K [01;36m[Knote: [m[Kto match this â€˜[01m[K{[m[Kâ€™
[1.036s]    48 | [01;36m[K{[m[K
[1.036s]       | [01;36m[K^[m[K
[1.036s] [01m[K/opt/ros/jazzy/include/rclcpp/rclcpp/utilities.hpp:56:3:[m[K [01;31m[Kerror: [m[Kexpected unqualified-id before numeric constant
[1.036s]    56 |   [01;31m[KNone[m[K,
[1.037s]       |   [01;31m[K^~~~[m[K
[1.037s] [01m[K/opt/ros/jazzy/include/rclcpp/rclcpp/utilities.hpp:78:9:[m[K [01;31m[Kerror: [m[Kâ€˜[01m[KInitOptions[m[Kâ€™ does not name a type
[1.037s]    78 |   const [01;31m[KInitOptions[m[K & init_options = InitOptions(),
[1.037s]       |         [01;31m[K^~~~~~~~~~~[m[K
[1.038s] [01m[K/opt/ros/jazzy/include/rclcpp/rclcpp/utilities.hpp:78:9:[m[K [01;31m[Kerror: [m[Kâ€˜[01m[KInitOptions[m[Kâ€™ does not name a type
[1.038s]    78 |   const [01;31m[KInitOptions[m[K & init_options = InitOptions(),
[1.038s]       |         [01;31m[K^~~~~~~~~~~[m[K
[1.038s] [01m[K/opt/ros/jazzy/include/rclcpp/rclcpp/utilities.hpp:78:38:[m[K [01;31m[Kerror: [m[Kâ€˜[01m[KInitOptions[m[Kâ€™ was not declared in this scope; did you mean â€˜[01m[Krclcpp::InitOptions[m[Kâ€™?
[1.038s]    78 |   const InitOptions & init_options = [01;31m[KInitOptions[m[K(),
[1.038s]       |                                      [01;31m[K^~~~~~~~~~~[m[K
[1.038s]       |                                      [32m[Krclcpp::InitOptions[m[K
[1.038s] In file included from [01m[K/opt/ros/jazzy/include/rclcpp/rclcpp/context.hpp:34[m[K,
[1.038s]                  from [01m[K/opt/ros/jazzy/include/rclcpp/rclcpp/utilities.hpp:24[m[K:
[1.039s] [01m[K/opt/ros/jazzy/include/rclcpp/rclcpp/init_options.hpp:28:7:[m[K [01;36m[Knote: [m[Kâ€˜[01m[Krclcpp::InitOptions[m[Kâ€™ declared here
[1.039s]    28 | class [01;36m[KInitOptions[m[K
[1.039s]       |       [01;36m[K^~~~~~~~~~~[m[K
[1.039s] [01m[K/opt/ros/jazzy/include/rclcpp/rclcpp/utilities.hpp:79:3:[m[K [01;31m[Kerror: [m[Kâ€˜[01m[KSignalHandlerOptions[m[Kâ€™ has not been declared
[1.039s]    79 |   [01;31m[KSignalHandlerOptions[m[K signal_handler_options = SignalHandlerOptions::All);
[1.039s]       |   [01;31m[K^~~~~~~~~~~~~~~~~~~~[m[K
[1.039s] [01m[K/opt/ros/jazzy/include/rclcpp/rclcpp/utilities.hpp:79:49:[m[K [01;31m[Kerror: [m[Kâ€˜[01m[KSignalHandlerOptions[m[Kâ€™ has not been declared
[1.039s]    79 |   SignalHandlerOptions signal_handler_options = [01;31m[KSignalHandlerOptions[m[K::All);
[1.039s]       |                                                 [01;31m[K^~~~~~~~~~~~~~~~~~~~[m[K
[1.039s] [01m[K/opt/ros/jazzy/include/rclcpp/rclcpp/utilities.hpp:78:9:[m[K [01;31m[Kerror: [m[Kâ€˜[01m[KInitOptions[m[Kâ€™ does not name a type
[1.039s]    78 |   const [01;31m[KInitOptions[m[K & init_options = InitOptions(),
[1.039s]       |         [01;31m[K^~~~~~~~~~~[m[K
[1.039s] [01m[K/opt/ros/jazzy/include/rclcpp/rclcpp/utilities.hpp:78:38:[m[K [01;31m[Kerror: [m[Kâ€˜[01m[KInitOptions[m[Kâ€™ was not declared in this scope; did you mean â€˜[01m[Krclcpp::InitOptions[m[Kâ€™?
[1.039s]    78 |   const InitOptions & init_options = [01;31m[KInitOptions[m[K(),
[1.040s]       |                                      [01;31m[K^~~~~~~~~~~[m[K
[1.040s]       |                                      [32m[Krclcpp::InitOptions[m[K
[1.040s] [01m[K/opt/ros/jazzy/include/rclcpp/rclcpp/utilities.hpp:98:25:[m[K [01;31m[Kerror: [m[Kâ€˜[01m[KSignalHandlerOptions[m[Kâ€™ was not declared in this scope; did you mean â€˜[01m[Krclcpp::SignalHandlerOptions[m[Kâ€™?
[1.040s]    98 | install_signal_handlers([01;31m[KSignalHandlerOptions[m[K signal_handler_options = SignalHandlerOptions::All);
[1.040s]       |                         [01;31m[K^~~~~~~~~~~~~~~~~~~~[m[K
[1.040s]       |                         [32m[Krclcpp::SignalHandlerOptions[m[K
[1.040s] [01m[K/opt/ros/jazzy/include/rclcpp/rclcpp/utilities.hpp:47:12:[m[K [01;36m[Knote: [m[Kâ€˜[01m[Krclcpp::SignalHandlerOptions[m[Kâ€™ declared here
[1.040s]    47 | enum class [01;36m[KSignalHandlerOptions[m[K
[1.040s]       |            [01;36m[K^~~~~~~~~~~~~~~~~~~~[m[K
[1.040s] In file included from [01m[K/opt/ros/jazzy/include/rclcpp/rclcpp/context.hpp:34[m[K,
[1.041s]                  from [01m[K/opt/ros/jazzy/include/rclcpp/rclcpp/utilities.hpp:24[m[K:
[1.041s] [01m[K/opt/ros/jazzy/include/rclcpp/rclcpp/init_options.hpp:28:7:[m[K [01;36m[Knote: [m[Kâ€˜[01m[Krclcpp::InitOptions[m[Kâ€™ declared here
[1.041s]    28 | class [01;36m[KInitOptions[m[K
[1.041s]       |       [01;36m[K^~~~~~~~~~~[m[K
[1.041s] [01m[K/opt/ros/jazzy/include/rclcpp/rclcpp/utilities.hpp:79:3:[m[K [01;31m[Kerror: [m[Kâ€˜[01m[KSignalHandlerOptions[m[Kâ€™ has not been declared
[1.041s]    79 |   [01;31m[KSignalHandlerOptions[m[K signal_handler_options = SignalHandlerOptions::All);
[1.041s]       |   [01;31m[K^~~~~~~~~~~~~~~~~~~~[m[K
[1.041s] [01m[K/opt/ros/jazzy/include/rclcpp/rclcpp/utilities.hpp:79:49:[m[K [01;31m[Kerror: [m[Kâ€˜[01m[KSignalHandlerOptions[m[Kâ€™ has not been declared
[1.041s]    79 |   SignalHandlerOptions signal_handler_options = [01;31m[KSignalHandlerOptions[m[K::All);
[1.041s]       |                                                 [01;31m[K^~~~~~~~~~~~~~~~~~~~[m[K
[1.041s] [01m[K/opt/ros/jazzy/include/rclcpp/rclcpp/utilities.hpp:78:9:[m[K [01;31m[Kerror: [m[Kâ€˜[01m[KInitOptions[m[Kâ€™ does not name a type
[1.041s]    78 |   const [01;31m[KInitOptions[m[K & init_options = InitOptions(),
[1.041s]       |         [01;31m[K^~~~~~~~~~~[m[K
[1.041s] [01m[K/opt/ros/jazzy/include/rclcpp/rclcpp/utilities.hpp:98:25:[m[K [01;31m[Kerror: [m[Kâ€˜[01m[KSignalHandlerOptions[m[Kâ€™ was not declared in this scope; did you mean â€˜[01m[Krclcpp::SignalHandlerOptions[m[Kâ€™?
[1.041s]    98 | install_signal_handlers([01;31m[KSignalHandlerOptions[m[K signal_handler_options = SignalHandlerOptions::All);
[1.041s]       |                         [01;31m[K^~~~~~~~~~~~~~~~~~~~[m[K
[1.042s]       |                         [32m[Krclcpp::SignalHandlerOptions[m[K
[1.042s] [01m[K/opt/ros/jazzy/include/rclcpp/rclcpp/utilities.hpp:47:12:[m[K [01;36m[Knote: [m[Kâ€˜[01m[Krclcpp::SignalHandlerOptions[m[Kâ€™ declared here
[1.042s]    47 | enum class [01;36m[KSignalHandlerOptions[m[K
[1.042s]       |            [01;36m[K^~~~~~~~~~~~~~~~~~~~[m[K
[1.042s] [01m[K/opt/ros/jazzy/include/rclcpp/rclcpp/utilities.hpp:78:38:[m[K [01;31m[Kerror: [m[Kâ€˜[01m[KInitOptions[m[Kâ€™ was not declared in this scope; did you mean â€˜[01m[Krclcpp::InitOptions[m[Kâ€™?
[1.042s]    78 |   const InitOptions & init_options = [01;31m[KInitOptions[m[K(),
[1.042s]       |                                      [01;31m[K^~~~~~~~~~~[m[K
[1.042s]       |                                      [32m[Krclcpp::InitOptions[m[K
[1.042s] In file included from [01m[K/opt/ros/jazzy/include/rclcpp/rclcpp/context.hpp:34[m[K,
[1.042s]                  from [01m[K/opt/ros/jazzy/include/rclcpp/rclcpp/utilities.hpp:24[m[K:
[1.042s] [01m[K/opt/ros/jazzy/include/rclcpp/rclcpp/init_options.hpp:28:7:[m[K [01;36m[Knote: [m[Kâ€˜[01m[Krclcpp::InitOptions[m[Kâ€™ declared here
[1.042s]    28 | class [01;36m[KInitOptions[m[K
[1.042s]       |       [01;36m[K^~~~~~~~~~~[m[K
[1.042s] [01m[K/opt/ros/jazzy/include/rclcpp/rclcpp/utilities.hpp:79:3:[m[K [01;31m[Kerror: [m[Kâ€˜[01m[KSignalHandlerOptions[m[Kâ€™ has not been declared
[1.042s]    79 |   [01;31m[KSignalHandlerOptions[m[K signal_handler_options = SignalHandlerOptions::All);
[1.042s]       |   [01;31m[K^~~~~~~~~~~~~~~~~~~~[m[K
[1.042s] [01m[K/opt/ros/jazzy/include/rclcpp/rclcpp/utilities.hpp:79:49:[m[K [01;31m[Kerror: [m[Kâ€˜[01m[KSignalHandlerOptions[m[Kâ€™ has not been declared
[1.042s]    79 |   SignalHandlerOptions signal_handler_options = [01;31m[KSignalHandlerOptions[m[K::All);
[1.042s]       |                                                 [01;31m[K^~~~~~~~~~~~~~~~~~~~[m[K
[1.042s] [01m[K/opt/ros/jazzy/include/rclcpp/rclcpp/utilities.hpp:78:38:[m[K [01;31m[Kerror: [m[Kâ€˜[01m[KInitOptions[m[Kâ€™ was not declared in this scope; did you mean â€˜[01m[Krclcpp::InitOptions[m[Kâ€™?
[1.043s]    78 |   const InitOptions & init_options = [01;31m[KInitOptions[m[K(),
[1.043s]       |                                      [01;31m[K^~~~~~~~~~~[m[K
[1.043s]       |                                      [32m[Krclcpp::InitOptions[m[K
[1.043s] [01m[K/opt/ros/jazzy/include/rclcpp/rclcpp/utilities.hpp:98:25:[m[K [01;31m[Kerror: [m[Kâ€˜[01m[KSignalHandlerOptions[m[Kâ€™ was not declared in this scope; did you mean â€˜[01m[Krclcpp::SignalHandlerOptions[m[Kâ€™?
[1.043s]    98 | install_signal_handlers([01;31m[KSignalHandlerOptions[m[K signal_handler_options = SignalHandlerOptions::All);
[1.043s]       |                         [01;31m[K^~~~~~~~~~~~~~~~~~~~[m[K
[1.043s]       |                         [32m[Krclcpp::SignalHandlerOptions[m[K
[1.043s] In file included from [01m[K/opt/ros/jazzy/include/rclcpp/rclcpp/context.hpp:34[m[K,
[1.043s]                  from [01m[K/opt/ros/jazzy/include/rclcpp/rclcpp/utilities.hpp:24[m[K:
[1.043s] [01m[K/opt/ros/jazzy/include/rclcpp/rclcpp/init_options.hpp:28:7:[m[K [01;36m[Knote: [m[Kâ€˜[01m[Krclcpp::InitOptions[m[Kâ€™ declared here
[1.043s]    28 | class [01;36m[KInitOptions[m[K
[1.043s]       |       [01;36m[K^~~~~~~~~~~[m[K
[1.044s] [01m[K/opt/ros/jazzy/include/rclcpp/rclcpp/utilities.hpp:47:12:[m[K [01;36m[Knote: [m[Kâ€˜[01m[Krclcpp::SignalHandlerOptions[m[Kâ€™ declared here
[1.044s]    47 | enum class [01;36m[KSignalHandlerOptions[m[K
[1.044s]       |            [01;36m[K^~~~~~~~~~~~~~~~~~~~[m[K
[1.044s] [01m[K/opt/ros/jazzy/include/rclcpp/rclcpp/utilities.hpp:79:3:[m[K [01;31m[Kerror: [m[Kâ€˜[01m[KSignalHandlerOptions[m[Kâ€™ has not been declared
[1.044s]    79 |   [01;31m[KSignalHandlerOptions[m[K signal_handler_options = SignalHandlerOptions::All);
[1.044s]       |   [01;31m[K^~~~~~~~~~~~~~~~~~~~[m[K
[1.044s] [01m[K/opt/ros/jazzy/include/rclcpp/rclcpp/utilities.hpp:79:49:[m[K [01;31m[Kerror: [m[Kâ€˜[01m[KSignalHandlerOptions[m[Kâ€™ has not been declared
[1.044s]    79 |   SignalHandlerOptions signal_handler_options = [01;31m[KSignalHandlerOptions[m[K::All);
[1.044s]       |                                                 [01;31m[K^~~~~~~~~~~~~~~~~~~~[m[K
[1.044s] [01m[K/opt/ros/jazzy/include/rclcpp/rclcpp/utilities.hpp:98:25:[m[K [01;31m[Kerror: [m[Kâ€˜[01m[KSignalHandlerOptions[m[Kâ€™ was not declared in this scope; did you mean â€˜[01m[Krclcpp::SignalHandlerOptions[m[Kâ€™?
[1.044s]    98 | install_signal_handlers([01;31m[KSignalHandlerOptions[m[K signal_handler_options = SignalHandlerOptions::All);
[1.044s]       |                         [01;31m[K^~~~~~~~~~~~~~~~~~~~[m[K
[1.044s]       |                         [32m[Krclcpp::SignalHandlerOptions[m[K
[1.044s] [01m[K/opt/ros/jazzy/include/rclcpp/rclcpp/utilities.hpp:47:12:[m[K [01;36m[Knote: [m[Kâ€˜[01m[Krclcpp::SignalHandlerOptions[m[Kâ€™ declared here
[1.045s]    47 | enum class [01;36m[KSignalHandlerOptions[m[K
[1.045s]       |            [01;36m[K^~~~~~~~~~~~~~~~~~~~[m[K
[1.052s] [01m[K/opt/ros/jazzy/include/rclcpp/rclcpp/utilities.hpp:110:1:[m[K [01;31m[Kerror: [m[Kâ€˜[01m[KSignalHandlerOptions[m[Kâ€™ does not name a type
[1.052s]   110 | [01;31m[KSignalHandlerOptions[m[K
[1.052s]       | [01;31m[K^~~~~~~~~~~~~~~~~~~~[m[K
[1.052s] [01m[K/opt/ros/jazzy/include/rclcpp/rclcpp/utilities.hpp:110:1:[m[K [01;31m[Kerror: [m[Kâ€˜[01m[KSignalHandlerOptions[m[Kâ€™ does not name a type
[1.052s]   110 | [01;31m[KSignalHandlerOptions[m[K
[1.052s]       | [01;31m[K^~~~~~~~~~~~~~~~~~~~[m[K
[1.053s] [01m[K/opt/ros/jazzy/include/rclcpp/rclcpp/utilities.hpp:110:1:[m[K [01;31m[Kerror: [m[Kâ€˜[01m[KSignalHandlerOptions[m[Kâ€™ does not name a type
[1.053s]   110 | [01;31m[KSignalHandlerOptions[m[K
[1.053s]       | [01;31m[K^~~~~~~~~~~~~~~~~~~~[m[K
[1.054s] [01m[K/opt/ros/jazzy/include/rclcpp/rclcpp/utilities.hpp:110:1:[m[K [01;31m[Kerror: [m[Kâ€˜[01m[KSignalHandlerOptions[m[Kâ€™ does not name a type
[1.054s]   110 | [01;31m[KSignalHandlerOptions[m[K
[1.054s]       | [01;31m[K^~~~~~~~~~~~~~~~~~~~[m[K
[1.057s] [01m[K/opt/ros/jazzy/include/rclcpp/rclcpp/utilities.hpp:143:9:[m[K [01;31m[Kerror: [m[Kâ€˜[01m[KInitOptions[m[Kâ€™ does not name a type
[1.057s]   143 |   const [01;31m[KInitOptions[m[K & init_options = InitOptions());
[1.057s]       |         [01;31m[K^~~~~~~~~~~[m[K
[1.057s] [01m[K/opt/ros/jazzy/include/rclcpp/rclcpp/utilities.hpp:143:38:[m[K [01;31m[Kerror: [m[Kâ€˜[01m[KInitOptions[m[Kâ€™ was not declared in this scope; did you mean â€˜[01m[Krclcpp::InitOptions[m[Kâ€™?
[1.057s]   143 |   const InitOptions & init_options = [01;31m[KInitOptions[m[K());
[1.057s]       |                                      [01;31m[K^~~~~~~~~~~[m[K
[1.058s]       |                                      [32m[Krclcpp::InitOptions[m[K
[1.058s] [01m[K/opt/ros/jazzy/include/rclcpp/rclcpp/init_options.hpp:28:7:[m[K [01;36m[Knote: [m[Kâ€˜[01m[Krclcpp::InitOptions[m[Kâ€™ declared here
[1.058s]    28 | class [01;36m[KInitOptions[m[K
[1.058s]       |       [01;36m[K^~~~~~~~~~~[m[K
[1.058s] [01m[K/opt/ros/jazzy/include/rclcpp/rclcpp/utilities.hpp:143:9:[m[K [01;31m[Kerror: [m[Kâ€˜[01m[KInitOptions[m[Kâ€™ does not name a type
[1.058s]   143 |   const [01;31m[KInitOptions[m[K & init_options = InitOptions());
[1.058s]       |         [01;31m[K^~~~~~~~~~~[m[K
[1.058s] [01m[K/opt/ros/jazzy/include/rclcpp/rclcpp/utilities.hpp:333:1:[m[K [01;31m[Kerror: [m[Kexpected declaration before â€˜[01m[K}[m[Kâ€™ token
[1.058s]   333 | [01;31m[K}[m[K  // namespace rclcpp
[1.058s]       | [01;31m[K^[m[K
[1.058s] [01m[K/opt/ros/jazzy/include/rclcpp/rclcpp/utilities.hpp:143:9:[m[K [01;31m[Kerror: [m[Kâ€˜[01m[KInitOptions[m[Kâ€™ does not name a type
[1.058s]   143 |   const [01;31m[KInitOptions[m[K & init_options = InitOptions());
[1.058s]       |         [01;31m[K^~~~~~~~~~~[m[K
[1.058s] [01m[K/opt/ros/jazzy/include/rclcpp/rclcpp/utilities.hpp:143:38:[m[K [01;31m[Kerror: [m[Kâ€˜[01m[KInitOptions[m[Kâ€™ was not declared in this scope; did you mean â€˜[01m[Krclcpp::InitOptions[m[Kâ€™?
[1.058s]   143 |   const InitOptions & init_options = [01;31m[KInitOptions[m[K());
[1.058s]       |                                      [01;31m[K^~~~~~~~~~~[m[K
[1.058s]       |                                      [32m[Krclcpp::InitOptions[m[K
[1.058s] [01m[K/opt/ros/jazzy/include/rclcpp/rclcpp/init_options.hpp:28:7:[m[K [01;36m[Knote: [m[Kâ€˜[01m[Krclcpp::InitOptions[m[Kâ€™ declared here
[1.058s]    28 | class [01;36m[KInitOptions[m[K
[1.059s]       |       [01;36m[K^~~~~~~~~~~[m[K
[1.059s] [01m[K/opt/ros/jazzy/include/rclcpp/rclcpp/utilities.hpp:333:1:[m[K [01;31m[Kerror: [m[Kexpected declaration before â€˜[01m[K}[m[Kâ€™ token
[1.059s]   333 | [01;31m[K}[m[K  // namespace rclcpp
[1.059s]       | [01;31m[K^[m[K
[1.059s] [01m[K/opt/ros/jazzy/include/rclcpp/rclcpp/utilities.hpp:143:9:[m[K [01;31m[Kerror: [m[Kâ€˜[01m[KInitOptions[m[Kâ€™ does not name a type
[1.059s]   143 |   const [01;31m[KInitOptions[m[K & init_options = InitOptions());
[1.059s]       |         [01;31m[K^~~~~~~~~~~[m[K
[1.059s] [01m[K/opt/ros/jazzy/include/rclcpp/rclcpp/utilities.hpp:143:38:[m[K [01;31m[Kerror: [m[Kâ€˜[01m[KInitOptions[m[Kâ€™ was not declared in this scope; did you mean â€˜[01m[Krclcpp::InitOptions[m[Kâ€™?
[1.059s]   143 |   const InitOptions & init_options = [01;31m[KInitOptions[m[K());
[1.059s]       |                                      [01;31m[K^~~~~~~~~~~[m[K
[1.059s]       |                                      [32m[Krclcpp::InitOptions[m[K
[1.059s] [01m[K/opt/ros/jazzy/include/rclcpp/rclcpp/init_options.hpp:28:7:[m[K [01;36m[Knote: [m[Kâ€˜[01m[Krclcpp::InitOptions[m[Kâ€™ declared here
[1.059s]    28 | class [01;36m[KInitOptions[m[K
[1.059s]       |       [01;36m[K^~~~~~~~~~~[m[K
[1.059s] [01m[K/opt/ros/jazzy/include/rclcpp/rclcpp/utilities.hpp:333:1:[m[K [01;31m[Kerror: [m[Kexpected declaration before â€˜[01m[K}[m[Kâ€™ token
[1.059s]   333 | [01;31m[K}[m[K  // namespace rclcpp
[1.059s]       | [01;31m[K^[m[K
[1.059s] [01m[K/opt/ros/jazzy/include/rclcpp/rclcpp/utilities.hpp:143:38:[m[K [01;31m[Kerror: [m[Kâ€˜[01m[KInitOptions[m[Kâ€™ was not declared in this scope; did you mean â€˜[01m[Krclcpp::InitOptions[m[Kâ€™?
[1.059s]   143 |   const InitOptions & init_options = [01;31m[KInitOptions[m[K());
[1.060s]       |                                      [01;31m[K^~~~~~~~~~~[m[K
[1.060s]       |                                      [32m[Krclcpp::InitOptions[m[K
[1.060s] [01m[K/opt/ros/jazzy/include/rclcpp/rclcpp/init_options.hpp:28:7:[m[K [01;36m[Knote: [m[Kâ€˜[01m[Krclcpp::InitOptions[m[Kâ€™ declared here
[1.060s]    28 | class [01;36m[KInitOptions[m[K
[1.060s]       |       [01;36m[K^~~~~~~~~~~[m[K
[1.060s] [01m[K/opt/ros/jazzy/include/rclcpp/rclcpp/utilities.hpp:333:1:[m[K [01;31m[Kerror: [m[Kexpected declaration before â€˜[01m[K}[m[Kâ€™ token
[1.060s]   333 | [01;31m[K}[m[K  // namespace rclcpp
[1.060s]       | [01;31m[K^[m[K
[1.302s] In file included from [01m[K/opt/ros/jazzy/include/rclcpp/rclcpp/timer.hpp:32[m[K,
[1.302s]                  from [01m[K/opt/ros/jazzy/include/rclcpp/rclcpp/callback_group.hpp:30[m[K,
[1.302s]                  from [01m[K/opt/ros/jazzy/include/rclcpp/rclcpp/any_executable.hpp:20[m[K,
[1.302s]                  from [01m[K/opt/ros/jazzy/include/rclcpp/rclcpp/memory_strategy.hpp:25[m[K,
[1.302s]                  from [01m[K/opt/ros/jazzy/include/rclcpp/rclcpp/memory_strategies.hpp:18[m[K,
[1.302s]                  from [01m[K/opt/ros/jazzy/include/rclcpp/rclcpp/executor_options.hpp:22[m[K,
[1.302s]                  from [01m[K/opt/ros/jazzy/include/rclcpp/rclcpp/executor.hpp:38[m[K,
[1.302s]                  from [01m[K/opt/ros/jazzy/include/rclcpp/rclcpp/executors/multi_threaded_executor.hpp:25[m[K,
[1.302s]                  from [01m[K/opt/ros/jazzy/include/rclcpp/rclcpp/executors.hpp:21[m[K,
[1.302s]                  from [01m[K/opt/ros/jazzy/include/rclcpp/rclcpp/rclcpp.hpp:172[m[K:
[1.302s] [01m[K/opt/ros/jazzy/include/rclcpp/rclcpp/rate.hpp:[m[K In member function â€˜[01m[Kvirtual bool rclcpp::GenericRate<Clock>::[01;32m[Ksleep[m[K()[m[Kâ€™:
[1.302s] [01m[K/opt/ros/jazzy/include/rclcpp/rclcpp/rate.hpp:98:13:[m[K [01;31m[Kerror: [m[Kâ€˜[01m[Ksleep_for[m[Kâ€™ is not a member of â€˜[01m[Krclcpp[m[Kâ€™
[1.302s]    98 |     rclcpp::[01;31m[Ksleep_for[m[K(time_to_sleep);
[1.302s]       |             [01;31m[K^~~~~~~~~[m[K
[1.302s] [01m[K/opt/ros/jazzy/include/rclcpp/rclcpp/rate.hpp:98:13:[m[K [01;36m[Knote: [m[Ksuggested alternatives:
[1.302s] [01m[K/opt/ros/jazzy/include/rclcpp/rclcpp/utilities.hpp:232:1:[m[K [01;36m[Knote: [m[K  â€˜[01m[Ksleep_for[m[Kâ€™
[1.302s]   232 | [01;36m[Ksleep_for[m[K(
[1.302s]       | [01;36m[K^~~~~~~~~[m[K
[1.302s] In file included from [01m[K/usr/include/c++/13/thread:46[m[K,
[1.302s]                  from [01m[K/opt/ros/jazzy/include/rclcpp/rclcpp/executors/multi_threaded_executor.hpp:22[m[K:
[1.302s] [01m[K/usr/include/c++/13/bits/this_thread_sleep.h:68:7:[m[K [01;36m[Knote: [m[K  â€˜[01m[Kstd::this_thread::sleep_for[m[Kâ€™
[1.303s]    68 |       [01;36m[Ksleep_for[m[K(const chrono::duration<_Rep, _Period>& __rtime)
[1.303s]       |       [01;36m[K^~~~~~~~~[m[K
[1.303s] In file included from [01m[K/opt/ros/jazzy/include/rclcpp/rclcpp/timer.hpp:32[m[K,
[1.303s]                  from [01m[K/opt/ros/jazzy/include/rclcpp/rclcpp/callback_group.hpp:30[m[K,
[1.303s]                  from [01m[K/opt/ros/jazzy/include/rclcpp/rclcpp/any_executable.hpp:20[m[K,
[1.303s]                  from [01m[K/opt/ros/jazzy/include/rclcpp/rclcpp/memory_strategy.hpp:25[m[K,
[1.303s]                  from [01m[K/opt/ros/jazzy/include/rclcpp/rclcpp/memory_strategies.hpp:18[m[K,
[1.303s]                  from [01m[K/opt/ros/jazzy/include/rclcpp/rclcpp/executor_options.hpp:22[m[K,
[1.303s]                  from [01m[K/opt/ros/jazzy/include/rclcpp/rclcpp/executor.hpp:38[m[K,
[1.303s]                  from [01m[K/opt/ros/jazzy/include/rclcpp/rclcpp/executors/multi_threaded_executor.hpp:25[m[K,
[1.303s]                  from [01m[K/opt/ros/jazzy/include/rclcpp/rclcpp/executors.hpp:21[m[K,
[1.303s]                  from [01m[K/opt/ros/jazzy/include/rclcpp/rclcpp/rclcpp.hpp:172[m[K:
[1.303s] [01m[K/opt/ros/jazzy/include/rclcpp/rclcpp/rate.hpp:[m[K In member function â€˜[01m[Kvirtual bool rclcpp::GenericRate<Clock>::[01;32m[Ksleep[m[K()[m[Kâ€™:
[1.303s] [01m[K/opt/ros/jazzy/include/rclcpp/rclcpp/rate.hpp:98:13:[m[K [01;31m[Kerror: [m[Kâ€˜[01m[Ksleep_for[m[Kâ€™ is not a member of â€˜[01m[Krclcpp[m[Kâ€™
[1.303s]    98 |     rclcpp::[01;31m[Ksleep_for[m[K(time_to_sleep);
[1.304s]       |             [01;31m[K^~~~~~~~~[m[K
[1.304s] [01m[K/opt/ros/jazzy/include/rclcpp/rclcpp/rate.hpp:98:13:[m[K [01;36m[Knote: [m[Ksuggested alternatives:
[1.304s] [01m[K/opt/ros/jazzy/include/rclcpp/rclcpp/utilities.hpp:232:1:[m[K [01;36m[Knote: [m[K  â€˜[01m[Ksleep_for[m[Kâ€™
[1.304s]   232 | [01;36m[Ksleep_for[m[K(
[1.304s]       | [01;36m[K^~~~~~~~~[m[K
[1.304s] In file included from [01m[K/usr/include/c++/13/thread:46[m[K,
[1.304s]                  from [01m[K/opt/ros/jazzy/include/rclcpp/rclcpp/executors/multi_threaded_executor.hpp:22[m[K:
[1.304s] [01m[K/usr/include/c++/13/bits/this_thread_sleep.h:68:7:[m[K [01;36m[Knote: [m[K  â€˜[01m[Kstd::this_thread::sleep_for[m[Kâ€™
[1.304s]    68 |       [01;36m[Ksleep_for[m[K(const chrono::duration<_Rep, _Period>& __rtime)
[1.304s]       |       [01;36m[K^~~~~~~~~[m[K
[1.304s] In file included from [01m[K/opt/ros/jazzy/include/rclcpp/rclcpp/timer.hpp:32[m[K,
[1.304s]                  from [01m[K/opt/ros/jazzy/include/rclcpp/rclcpp/callback_group.hpp:30[m[K,
[1.305s]                  from [01m[K/opt/ros/jazzy/include/rclcpp/rclcpp/any_executable.hpp:20[m[K,
[1.305s]                  from [01m[K/opt/ros/jazzy/include/rclcpp/rclcpp/memory_strategy.hpp:25[m[K,
[1.305s]                  from [01m[K/opt/ros/jazzy/include/rclcpp/rclcpp/memory_strategies.hpp:18[m[K,
[1.305s]                  from [01m[K/opt/ros/jazzy/include/rclcpp/rclcpp/executor_options.hpp:22[m[K,
[1.305s]                  from [01m[K/opt/ros/jazzy/include/rclcpp/rclcpp/executor.hpp:38[m[K,
[1.305s]                  from [01m[K/opt/ros/jazzy/include/rclcpp/rclcpp/executors/multi_threaded_executor.hpp:25[m[K,
[1.305s]                  from [01m[K/opt/ros/jazzy/include/rclcpp/rclcpp/executors.hpp:21[m[K,
[1.305s]                  from [01m[K/opt/ros/jazzy/include/rclcpp/rclcpp/rclcpp.hpp:172[m[K:
[1.305s] [01m[K/opt/ros/jazzy/include/rclcpp/rclcpp/rate.hpp:[m[K In member function â€˜[01m[Kvirtual bool rclcpp::GenericRate<Clock>::[01;32m[Ksleep[m[K()[m[Kâ€™:
[1.305s] [01m[K/opt/ros/jazzy/include/rclcpp/rclcpp/rate.hpp:98:13:[m[K [01;31m[Kerror: [m[Kâ€˜[01m[Ksleep_for[m[Kâ€™ is not a member of â€˜[01m[Krclcpp[m[Kâ€™
[1.305s]    98 |     rclcpp::[01;31m[Ksleep_for[m[K(time_to_sleep);
[1.305s]       |             [01;31m[K^~~~~~~~~[m[K
[1.305s] [01m[K/opt/ros/jazzy/include/rclcpp/rclcpp/rate.hpp:98:13:[m[K [01;36m[Knote: [m[Ksuggested alternatives:
[1.305s] [01m[K/opt/ros/jazzy/include/rclcpp/rclcpp/utilities.hpp:232:1:[m[K [01;36m[Knote: [m[K  â€˜[01m[Ksleep_for[m[Kâ€™
[1.305s]   232 | [01;36m[Ksleep_for[m[K(
[1.305s]       | [01;36m[K^~~~~~~~~[m[K
[1.305s] In file included from [01m[K/usr/include/c++/13/thread:46[m[K,
[1.305s]                  from [01m[K/opt/ros/jazzy/include/rclcpp/rclcpp/executors/multi_threaded_executor.hpp:22[m[K:
[1.305s] [01m[K/usr/include/c++/13/bits/this_thread_sleep.h:68:7:[m[K [01;36m[Knote: [m[K  â€˜[01m[Kstd::this_thread::sleep_for[m[Kâ€™
[1.305s]    68 |       [01;36m[Ksleep_for[m[K(const chrono::duration<_Rep, _Period>& __rtime)
[1.305s]       |       [01;36m[K^~~~~~~~~[m[K
[1.306s] In file included from [01m[K/opt/ros/jazzy/include/rclcpp/rclcpp/timer.hpp:32[m[K,
[1.306s]                  from [01m[K/opt/ros/jazzy/include/rclcpp/rclcpp/callback_group.hpp:30[m[K,
[1.306s]                  from [01m[K/opt/ros/jazzy/include/rclcpp/rclcpp/any_executable.hpp:20[m[K,
[1.306s]                  from [01m[K/opt/ros/jazzy/include/rclcpp/rclcpp/memory_strategy.hpp:25[m[K,
[1.306s]                  from [01m[K/opt/ros/jazzy/include/rclcpp/rclcpp/memory_strategies.hpp:18[m[K,
[1.306s]                  from [01m[K/opt/ros/jazzy/include/rclcpp/rclcpp/executor_options.hpp:22[m[K,
[1.306s]                  from [01m[K/opt/ros/jazzy/include/rclcpp/rclcpp/executor.hpp:38[m[K,
[1.306s]                  from [01m[K/opt/ros/jazzy/include/rclcpp/rclcpp/executors/multi_threaded_executor.hpp:25[m[K,
[1.306s]                  from [01m[K/opt/ros/jazzy/include/rclcpp/rclcpp/executors.hpp:21[m[K,
[1.306s]                  from [01m[K/opt/ros/jazzy/include/rclcpp/rclcpp/rclcpp.hpp:172[m[K:
[1.306s] [01m[K/opt/ros/jazzy/include/rclcpp/rclcpp/rate.hpp:[m[K In member function â€˜[01m[Kvirtual bool rclcpp::GenericRate<Clock>::[01;32m[Ksleep[m[K()[m[Kâ€™:
[1.307s] [01m[K/opt/ros/jazzy/include/rclcpp/rclcpp/rate.hpp:98:13:[m[K [01;31m[Kerror: [m[Kâ€˜[01m[Ksleep_for[m[Kâ€™ is not a member of â€˜[01m[Krclcpp[m[Kâ€™
[1.307s]    98 |     rclcpp::[01;31m[Ksleep_for[m[K(time_to_sleep);
[1.307s]       |             [01;31m[K^~~~~~~~~[m[K
[1.307s] [01m[K/opt/ros/jazzy/include/rclcpp/rclcpp/rate.hpp:98:13:[m[K [01;36m[Knote: [m[Ksuggested alternatives:
[1.307s] [01m[K/opt/ros/jazzy/include/rclcpp/rclcpp/utilities.hpp:232:1:[m[K [01;36m[Knote: [m[K  â€˜[01m[Ksleep_for[m[Kâ€™
[1.307s]   232 | [01;36m[Ksleep_for[m[K(
[1.307s]       | [01;36m[K^~~~~~~~~[m[K
[1.307s] In file included from [01m[K/usr/include/c++/13/thread:46[m[K,
[1.307s]                  from [01m[K/opt/ros/jazzy/include/rclcpp/rclcpp/executors/multi_threaded_executor.hpp:22[m[K:
[1.307s] [01m[K/usr/include/c++/13/bits/this_thread_sleep.h:68:7:[m[K [01;36m[Knote: [m[K  â€˜[01m[Kstd::this_thread::sleep_for[m[Kâ€™
[1.307s]    68 |       [01;36m[Ksleep_for[m[K(const chrono::duration<_Rep, _Period>& __rtime)
[1.307s]       |       [01;36m[K^~~~~~~~~[m[K
[2.379s] [01m[K/home/tungchiahui/UserFloder/mysource/ROS/ROS2_WS/6.ws_simulations/src/stage_ros2/src/stage_node.cpp:[m[K In static member function â€˜[01m[Kstatic int StageNode::[01;32m[Kcallback_update_stage_world[m[K(Stg::World*, StageNode*)[m[Kâ€™:
[2.379s] [01m[K/home/tungchiahui/UserFloder/mysource/ROS/ROS2_WS/6.ws_simulations/src/stage_ros2/src/stage_node.cpp:160:16:[m[K [01;31m[Kerror: [m[Kâ€˜[01m[Kok[m[Kâ€™ is not a member of â€˜[01m[Krclcpp[m[Kâ€™; did you mean â€˜[01m[Kok[m[Kâ€™?
[2.379s]   160 |   if (!rclcpp::[01;31m[Kok[m[K()) {
[2.379s]       |                [01;31m[K^~[m[K
[2.379s] [01m[K/opt/ros/jazzy/include/rclcpp/rclcpp/utilities.hpp:176:1:[m[K [01;36m[Knote: [m[Kâ€˜[01m[Kok[m[Kâ€™ declared here
[2.379s]   176 | [01;36m[Kok[m[K(rclcpp::Context::SharedPtr context = nullptr);
[2.379s]       | [01;36m[K^~[m[K
[3.720s] gmake[2]: *** [CMakeFiles/stage_node.dir/build.make:104: CMakeFiles/stage_node.dir/src/ranger.cpp.o] Error 1
[3.721s] gmake[2]: *** Waiting for unfinished jobs....
[3.850s] gmake[2]: *** [CMakeFiles/stage_node.dir/build.make:118: CMakeFiles/stage_node.dir/src/camera.cpp.o] Error 1
[4.019s] gmake[2]: *** [CMakeFiles/stage_node.dir/build.make:76: CMakeFiles/stage_node.dir/src/stage_node.cpp.o] Error 1
[4.562s] gmake[2]: *** [CMakeFiles/stage_node.dir/build.make:90: CMakeFiles/stage_node.dir/src/vehicle.cpp.o] Error 1
[4.562s] gmake[1]: *** [CMakeFiles/Makefile2:139: CMakeFiles/stage_node.dir/all] Error 2
[4.562s] gmake: *** [Makefile:146: all] Error 2
[4.564s] Invoked command in '/home/tungchiahui/UserFloder/mysource/ROS/ROS2_WS/6.ws_simulations/build/stage_ros2' returned '2': CMAKE_PREFIX_PATH=/home/tungchiahui/UserFloder/mysource/ROS/ROS2_WS/6.ws_simulations/install/Stage:/home/tungchiahui/UserFloder/mysource/ROS/ROS2_WS/6.ws_simulations/install/mycar_description:/home/tungchiahui/UserFloder/mysource/ROS/ROS2_WS/6.ws_simulations/install/demo_gazebo_sim:/opt/ros/jazzy/opt/gz_sim_vendor:/opt/ros/jazzy/opt/gz_sensors_vendor:/opt/ros/jazzy/opt/gz_physics_vendor:/opt/ros/jazzy/opt/sdformat_vendor:/opt/ros/jazzy/opt/gz_gui_vendor:/opt/ros/jazzy/opt/gz_transport_vendor:/opt/ros/jazzy/opt/gz_rendering_vendor:/opt/ros/jazzy/opt/gz_plugin_vendor:/opt/ros/jazzy/opt/gz_fuel_tools_vendor:/opt/ros/jazzy/opt/gz_msgs_vendor:/opt/ros/jazzy/opt/gz_common_vendor:/opt/ros/jazzy/opt/gz_math_vendor:/opt/ros/jazzy/opt/gz_utils_vendor:/opt/ros/jazzy/opt/gz_tools_vendor:/opt/ros/jazzy/opt/gz_ogre_next_vendor:/opt/ros/jazzy/opt/gz_dartsim_vendor:/opt/ros/jazzy/opt/gz_cmake_vendor:/opt/ros/jazzy /usr/bin/cmake --build /home/tungchiahui/UserFloder/mysource/ROS/ROS2_WS/6.ws_simulations/build/stage_ros2 -- -j16 -l16
