[01m[K/home/tungchiahui/UserFloder/mysource/ROS/ROS2_WS/8.ws_compro/src/cpp01_serial/src/demo02_uart_receive.cpp:[m[K In member function â€˜[01m[Kvoid Serial_Node::async_receive_message()[m[Kâ€™:
[01m[K/home/tungchiahui/UserFloder/mysource/ROS/ROS2_WS/8.ws_compro/src/cpp01_serial/src/demo02_uart_receive.cpp:54:33:[m[K [01;31m[Kerror: [m[Kâ€˜[01m[Ksystem[m[Kâ€™ in namespace â€˜[01m[Kboost[m[Kâ€™ does not name a type
   54 |             [this](const boost::[01;31m[Ksystem[m[K::error_code& error, size_t bytes_receive_size)
      |                                 [01;31m[K^~~~~~[m[K
[01m[K/home/tungchiahui/UserFloder/mysource/ROS/ROS2_WS/8.ws_compro/src/cpp01_serial/src/demo02_uart_receive.cpp:[m[K In lambda function:
[01m[K/home/tungchiahui/UserFloder/mysource/ROS/ROS2_WS/8.ws_compro/src/cpp01_serial/src/demo02_uart_receive.cpp:68:10:[m[K [01;31m[Kerror: [m[Kexpected â€˜[01m[K{[m[Kâ€™ before â€˜[01m[K;[m[Kâ€™ token
   68 |         )[01;31m[K;[m[K
      |          [01;31m[K^[m[K
[01m[K/home/tungchiahui/UserFloder/mysource/ROS/ROS2_WS/8.ws_compro/src/cpp01_serial/src/demo02_uart_receive.cpp:[m[K In member function â€˜[01m[Kvoid Serial_Node::async_receive_message()[m[Kâ€™:
[01m[K/home/tungchiahui/UserFloder/mysource/ROS/ROS2_WS/8.ws_compro/src/cpp01_serial/src/demo02_uart_receive.cpp:68:10:[m[K [01;31m[Kerror: [m[Kexpected â€˜[01m[K)[m[Kâ€™ before â€˜[01m[K;[m[Kâ€™ token
[01m[K/home/tungchiahui/UserFloder/mysource/ROS/ROS2_WS/8.ws_compro/src/cpp01_serial/src/demo02_uart_receive.cpp:53:28:[m[K [01;36m[Knote: [m[Kto match this â€˜[01m[K([m[Kâ€™
   53 |         port->async_receive[01;36m[K([m[K
      |                            [01;36m[K^[m[K
gmake[2]: *** [CMakeFiles/demo02_uart_receive.dir/build.make:76: CMakeFiles/demo02_uart_receive.dir/src/demo02_uart_receive.cpp.o] Error 1
gmake[1]: *** [CMakeFiles/Makefile2:165: CMakeFiles/demo02_uart_receive.dir/all] Error 2
gmake: *** [Makefile:146: all] Error 2
