[0.007s] Invoking command in '/home/tungchiahui/UserFloder/mysource/ROS/ROS2_WS/8.ws_compro/build/cpp01_serial': CMAKE_PREFIX_PATH=${CMAKE_PREFIX_PATH}:/opt/ros/humble /usr/bin/cmake --build /home/tungchiahui/UserFloder/mysource/ROS/ROS2_WS/8.ws_compro/build/cpp01_serial -- -j16 -l16
[0.036s] [35m[1mConsolidate compiler generated dependencies of target demo02_uart_receive[0m
[0.043s] [ 50%] Built target demo01_uart_send
[0.056s] [ 75%] [32mBuilding CXX object CMakeFiles/demo02_uart_receive.dir/src/demo02_uart_receive.cpp.o[0m
[1.937s] [01m[K/home/tungchiahui/UserFloder/mysource/ROS/ROS2_WS/8.ws_compro/src/cpp01_serial/src/demo02_uart_receive.cpp:[m[K In member function â€˜[01m[Kvoid Serial_Node::async_receive_message()[m[Kâ€™:
[1.937s] [01m[K/home/tungchiahui/UserFloder/mysource/ROS/ROS2_WS/8.ws_compro/src/cpp01_serial/src/demo02_uart_receive.cpp:54:33:[m[K [01;31m[Kerror: [m[Kâ€˜[01m[Ksystem[m[Kâ€™ in namespace â€˜[01m[Kboost[m[Kâ€™ does not name a type
[1.937s]    54 |             [this](const boost::[01;31m[Ksystem[m[K::error_code& error, size_t bytes_receive_size)
[1.937s]       |                                 [01;31m[K^~~~~~[m[K
[1.937s] [01m[K/home/tungchiahui/UserFloder/mysource/ROS/ROS2_WS/8.ws_compro/src/cpp01_serial/src/demo02_uart_receive.cpp:[m[K In lambda function:
[1.937s] [01m[K/home/tungchiahui/UserFloder/mysource/ROS/ROS2_WS/8.ws_compro/src/cpp01_serial/src/demo02_uart_receive.cpp:68:10:[m[K [01;31m[Kerror: [m[Kexpected â€˜[01m[K{[m[Kâ€™ before â€˜[01m[K;[m[Kâ€™ token
[1.938s]    68 |         )[01;31m[K;[m[K
[1.938s]       |          [01;31m[K^[m[K
[1.938s] [01m[K/home/tungchiahui/UserFloder/mysource/ROS/ROS2_WS/8.ws_compro/src/cpp01_serial/src/demo02_uart_receive.cpp:[m[K In member function â€˜[01m[Kvoid Serial_Node::async_receive_message()[m[Kâ€™:
[1.938s] [01m[K/home/tungchiahui/UserFloder/mysource/ROS/ROS2_WS/8.ws_compro/src/cpp01_serial/src/demo02_uart_receive.cpp:68:10:[m[K [01;31m[Kerror: [m[Kexpected â€˜[01m[K)[m[Kâ€™ before â€˜[01m[K;[m[Kâ€™ token
[1.938s] [01m[K/home/tungchiahui/UserFloder/mysource/ROS/ROS2_WS/8.ws_compro/src/cpp01_serial/src/demo02_uart_receive.cpp:53:28:[m[K [01;36m[Knote: [m[Kto match this â€˜[01m[K([m[Kâ€™
[1.938s]    53 |         port->async_receive[01;36m[K([m[K
[1.938s]       |                            [01;36m[K^[m[K
[2.276s] gmake[2]: *** [CMakeFiles/demo02_uart_receive.dir/build.make:76: CMakeFiles/demo02_uart_receive.dir/src/demo02_uart_receive.cpp.o] Error 1
[2.276s] gmake[1]: *** [CMakeFiles/Makefile2:165: CMakeFiles/demo02_uart_receive.dir/all] Error 2
[2.276s] gmake: *** [Makefile:146: all] Error 2
[2.278s] Invoked command in '/home/tungchiahui/UserFloder/mysource/ROS/ROS2_WS/8.ws_compro/build/cpp01_serial' returned '2': CMAKE_PREFIX_PATH=${CMAKE_PREFIX_PATH}:/opt/ros/humble /usr/bin/cmake --build /home/tungchiahui/UserFloder/mysource/ROS/ROS2_WS/8.ws_compro/build/cpp01_serial -- -j16 -l16
