[0.008s] Invoking command in '/home/tungchiahui/UserFloder/mysource/ROS/ROS2_WS/6.ws_simulations/build/stage_ros2': CMAKE_PREFIX_PATH=/home/tungchiahui/UserFloder/mysource/ROS/ROS2_WS/6.ws_simulations/install/Stage:/opt/ros/jazzy/opt/gz_sim_vendor:/opt/ros/jazzy/opt/gz_sensors_vendor:/opt/ros/jazzy/opt/gz_physics_vendor:/opt/ros/jazzy/opt/sdformat_vendor:/opt/ros/jazzy/opt/gz_gui_vendor:/opt/ros/jazzy/opt/gz_transport_vendor:/opt/ros/jazzy/opt/gz_rendering_vendor:/opt/ros/jazzy/opt/gz_plugin_vendor:/opt/ros/jazzy/opt/gz_fuel_tools_vendor:/opt/ros/jazzy/opt/gz_msgs_vendor:/opt/ros/jazzy/opt/gz_common_vendor:/opt/ros/jazzy/opt/gz_math_vendor:/opt/ros/jazzy/opt/gz_utils_vendor:/opt/ros/jazzy/opt/gz_tools_vendor:/opt/ros/jazzy/opt/gz_ogre_next_vendor:/opt/ros/jazzy/opt/gz_dartsim_vendor:/opt/ros/jazzy/opt/gz_cmake_vendor:/opt/ros/jazzy LD_LIBRARY_PATH=/home/tungchiahui/UserFloder/mysource/ROS/ROS2_WS/6.ws_simulations/install/Stage/lib:${LD_LIBRARY_PATH} PATH=/home/tungchiahui/UserFloder/mysource/ROS/ROS2_WS/6.ws_simulations/install/Stage/bin:${PATH} /usr/bin/cmake --build /home/tungchiahui/UserFloder/mysource/ROS/ROS2_WS/6.ws_simulations/build/stage_ros2 -- -j16 -l16
[0.073s] [ 14%] [32mBuilding CXX object CMakeFiles/stage_node.dir/src/stage_node.cpp.o[0m
[0.074s] [ 28%] [32mBuilding CXX object CMakeFiles/stage_node.dir/src/vehicle.cpp.o[0m
[0.074s] [ 42%] [32mBuilding CXX object CMakeFiles/stage_node.dir/src/ranger.cpp.o[0m
[0.075s] [ 57%] [32mBuilding CXX object CMakeFiles/stage_node.dir/src/camera.cpp.o[0m
[0.999s] In file included from [01m[K/usr/include/X11/Xlib.h:44[m[K,
[0.999s]                  from [01m[K/usr/include/FL/x.H:37[m[K,
[0.999s]                  from [01m[K/usr/include/FL/fl_draw.H:27[m[K,
[0.999s]                  from [01m[K/home/tungchiahui/UserFloder/mysource/ROS/ROS2_WS/6.ws_simulations/install/Stage/include/Stage-4.3/stage.hh:64[m[K,
[0.999s]                  from [01m[K/home/tungchiahui/UserFloder/mysource/ROS/ROS2_WS/6.ws_simulations/src/stage_ros2/./include/stage_ros2/stage_node.hpp:14[m[K,
[0.999s]                  from [01m[K/home/tungchiahui/UserFloder/mysource/ROS/ROS2_WS/6.ws_simulations/src/stage_ros2/src/camera.cpp:1[m[K:
[0.999s] [01m[K/opt/ros/jazzy/include/rclcpp/rclcpp/utilities.hpp:56:3:[m[K [01;31m[Kerror: [m[Kexpected identifier before numeric constant
[0.999s]    56 |   [01;31m[KNone[m[K,
[0.999s]       |   [01;31m[K^~~~[m[K
[0.999s] [01m[K/opt/ros/jazzy/include/rclcpp/rclcpp/utilities.hpp:56:3:[m[K [01;31m[Kerror: [m[Kexpected â€˜[01m[K}[m[Kâ€™ before numeric constant
[0.999s] In file included from [01m[K/opt/ros/jazzy/include/rclcpp/rclcpp/logging.hpp:25[m[K,
[0.999s]                  from [01m[K/opt/ros/jazzy/include/rclcpp/rclcpp/copy_all_parameter_values.hpp:27[m[K,
[0.999s]                  from [01m[K/opt/ros/jazzy/include/rclcpp/rclcpp/rclcpp.hpp:171[m[K,
[0.999s]                  from [01m[K/home/tungchiahui/UserFloder/mysource/ROS/ROS2_WS/6.ws_simulations/src/stage_ros2/./include/stage_ros2/stage_node.hpp:17[m[K:
[0.999s] [01m[K/opt/ros/jazzy/include/rclcpp/rclcpp/utilities.hpp:48:1:[m[K [01;36m[Knote: [m[Kto match this â€˜[01m[K{[m[Kâ€™
[0.999s]    48 | [01;36m[K{[m[K
[0.999s]       | [01;36m[K^[m[K
[0.999s] [01m[K/opt/ros/jazzy/include/rclcpp/rclcpp/utilities.hpp:56:3:[m[K [01;31m[Kerror: [m[Kexpected unqualified-id before numeric constant
[1.000s]    56 |   [01;31m[KNone[m[K,
[1.000s]       |   [01;31m[K^~~~[m[K
[1.000s] In file included from [01m[K/usr/include/X11/Xlib.h:44[m[K,
[1.000s]                  from [01m[K/usr/include/FL/x.H:37[m[K,
[1.000s]                  from [01m[K/usr/include/FL/fl_draw.H:27[m[K,
[1.000s]                  from [01m[K/home/tungchiahui/UserFloder/mysource/ROS/ROS2_WS/6.ws_simulations/install/Stage/include/Stage-4.3/stage.hh:64[m[K,
[1.000s]                  from [01m[K/home/tungchiahui/UserFloder/mysource/ROS/ROS2_WS/6.ws_simulations/src/stage_ros2/./include/stage_ros2/stage_node.hpp:14[m[K,
[1.000s]                  from [01m[K/home/tungchiahui/UserFloder/mysource/ROS/ROS2_WS/6.ws_simulations/src/stage_ros2/src/stage_node.cpp:1[m[K:
[1.000s] [01m[K/opt/ros/jazzy/include/rclcpp/rclcpp/utilities.hpp:56:3:[m[K [01;31m[Kerror: [m[Kexpected identifier before numeric constant
[1.000s]    56 |   [01;31m[KNone[m[K,
[1.000s]       |   [01;31m[K^~~~[m[K
[1.000s] [01m[K/opt/ros/jazzy/include/rclcpp/rclcpp/utilities.hpp:56:3:[m[K [01;31m[Kerror: [m[Kexpected â€˜[01m[K}[m[Kâ€™ before numeric constant
[1.000s] In file included from [01m[K/opt/ros/jazzy/include/rclcpp/rclcpp/logging.hpp:25[m[K,
[1.000s]                  from [01m[K/opt/ros/jazzy/include/rclcpp/rclcpp/copy_all_parameter_values.hpp:27[m[K,
[1.000s]                  from [01m[K/opt/ros/jazzy/include/rclcpp/rclcpp/rclcpp.hpp:171[m[K,
[1.000s]                  from [01m[K/home/tungchiahui/UserFloder/mysource/ROS/ROS2_WS/6.ws_simulations/src/stage_ros2/./include/stage_ros2/stage_node.hpp:17[m[K:
[1.000s] [01m[K/opt/ros/jazzy/include/rclcpp/rclcpp/utilities.hpp:48:1:[m[K [01;36m[Knote: [m[Kto match this â€˜[01m[K{[m[Kâ€™
[1.000s]    48 | [01;36m[K{[m[K
[1.000s]       | [01;36m[K^[m[K
[1.000s] [01m[K/opt/ros/jazzy/include/rclcpp/rclcpp/utilities.hpp:56:3:[m[K [01;31m[Kerror: [m[Kexpected unqualified-id before numeric constant
[1.000s]    56 |   [01;31m[KNone[m[K,
[1.001s]       |   [01;31m[K^~~~[m[K
[1.001s] In file included from [01m[K/usr/include/X11/Xlib.h:44[m[K,
[1.001s]                  from [01m[K/usr/include/FL/x.H:37[m[K,
[1.001s]                  from [01m[K/usr/include/FL/fl_draw.H:27[m[K,
[1.001s]                  from [01m[K/home/tungchiahui/UserFloder/mysource/ROS/ROS2_WS/6.ws_simulations/install/Stage/include/Stage-4.3/stage.hh:64[m[K,
[1.001s]                  from [01m[K/home/tungchiahui/UserFloder/mysource/ROS/ROS2_WS/6.ws_simulations/src/stage_ros2/./include/stage_ros2/stage_node.hpp:14[m[K,
[1.001s]                  from [01m[K/home/tungchiahui/UserFloder/mysource/ROS/ROS2_WS/6.ws_simulations/src/stage_ros2/src/ranger.cpp:1[m[K:
[1.001s] [01m[K/opt/ros/jazzy/include/rclcpp/rclcpp/utilities.hpp:56:3:[m[K [01;31m[Kerror: [m[Kexpected identifier before numeric constant
[1.001s]    56 |   [01;31m[KNone[m[K,
[1.001s]       |   [01;31m[K^~~~[m[K
[1.001s] [01m[K/opt/ros/jazzy/include/rclcpp/rclcpp/utilities.hpp:56:3:[m[K [01;31m[Kerror: [m[Kexpected â€˜[01m[K}[m[Kâ€™ before numeric constant
[1.001s] In file included from [01m[K/opt/ros/jazzy/include/rclcpp/rclcpp/logging.hpp:25[m[K,
[1.001s]                  from [01m[K/opt/ros/jazzy/include/rclcpp/rclcpp/copy_all_parameter_values.hpp:27[m[K,
[1.001s]                  from [01m[K/opt/ros/jazzy/include/rclcpp/rclcpp/rclcpp.hpp:171[m[K,
[1.001s]                  from [01m[K/home/tungchiahui/UserFloder/mysource/ROS/ROS2_WS/6.ws_simulations/src/stage_ros2/./include/stage_ros2/stage_node.hpp:17[m[K:
[1.001s] [01m[K/opt/ros/jazzy/include/rclcpp/rclcpp/utilities.hpp:48:1:[m[K [01;36m[Knote: [m[Kto match this â€˜[01m[K{[m[Kâ€™
[1.001s]    48 | [01;36m[K{[m[K
[1.001s]       | [01;36m[K^[m[K
[1.001s] [01m[K/opt/ros/jazzy/include/rclcpp/rclcpp/utilities.hpp:56:3:[m[K [01;31m[Kerror: [m[Kexpected unqualified-id before numeric constant
[1.001s]    56 |   [01;31m[KNone[m[K,
[1.001s]       |   [01;31m[K^~~~[m[K
[1.004s] In file included from [01m[K/usr/include/X11/Xlib.h:44[m[K,
[1.004s]                  from [01m[K/usr/include/FL/x.H:37[m[K,
[1.004s]                  from [01m[K/usr/include/FL/fl_draw.H:27[m[K,
[1.004s]                  from [01m[K/home/tungchiahui/UserFloder/mysource/ROS/ROS2_WS/6.ws_simulations/install/Stage/include/Stage-4.3/stage.hh:64[m[K,
[1.004s]                  from [01m[K/home/tungchiahui/UserFloder/mysource/ROS/ROS2_WS/6.ws_simulations/src/stage_ros2/./include/stage_ros2/stage_node.hpp:14[m[K,
[1.004s]                  from [01m[K/home/tungchiahui/UserFloder/mysource/ROS/ROS2_WS/6.ws_simulations/src/stage_ros2/src/vehicle.cpp:1[m[K:
[1.004s] [01m[K/opt/ros/jazzy/include/rclcpp/rclcpp/utilities.hpp:56:3:[m[K [01;31m[Kerror: [m[Kexpected identifier before numeric constant
[1.004s]    56 |   [01;31m[KNone[m[K,
[1.004s]       |   [01;31m[K^~~~[m[K
[1.004s] [01m[K/opt/ros/jazzy/include/rclcpp/rclcpp/utilities.hpp:56:3:[m[K [01;31m[Kerror: [m[Kexpected â€˜[01m[K}[m[Kâ€™ before numeric constant
[1.004s] In file included from [01m[K/opt/ros/jazzy/include/rclcpp/rclcpp/logging.hpp:25[m[K,
[1.004s]                  from [01m[K/opt/ros/jazzy/include/rclcpp/rclcpp/copy_all_parameter_values.hpp:27[m[K,
[1.004s]                  from [01m[K/opt/ros/jazzy/include/rclcpp/rclcpp/rclcpp.hpp:171[m[K,
[1.004s]                  from [01m[K/home/tungchiahui/UserFloder/mysource/ROS/ROS2_WS/6.ws_simulations/src/stage_ros2/./include/stage_ros2/stage_node.hpp:17[m[K:
[1.004s] [01m[K/opt/ros/jazzy/include/rclcpp/rclcpp/utilities.hpp:48:1:[m[K [01;36m[Knote: [m[Kto match this â€˜[01m[K{[m[Kâ€™
[1.004s]    48 | [01;36m[K{[m[K
[1.004s]       | [01;36m[K^[m[K
[1.004s] [01m[K/opt/ros/jazzy/include/rclcpp/rclcpp/utilities.hpp:56:3:[m[K [01;31m[Kerror: [m[Kexpected unqualified-id before numeric constant
[1.004s]    56 |   [01;31m[KNone[m[K,
[1.004s]       |   [01;31m[K^~~~[m[K
[1.005s] [01m[K/opt/ros/jazzy/include/rclcpp/rclcpp/utilities.hpp:78:9:[m[K [01;31m[Kerror: [m[Kâ€˜[01m[KInitOptions[m[Kâ€™ does not name a type
[1.005s]    78 |   const [01;31m[KInitOptions[m[K & init_options = InitOptions(),
[1.005s]       |         [01;31m[K^~~~~~~~~~~[m[K
[1.005s] [01m[K/opt/ros/jazzy/include/rclcpp/rclcpp/utilities.hpp:78:38:[m[K [01;31m[Kerror: [m[Kâ€˜[01m[KInitOptions[m[Kâ€™ was not declared in this scope; did you mean â€˜[01m[Krclcpp::InitOptions[m[Kâ€™?
[1.005s]    78 |   const InitOptions & init_options = [01;31m[KInitOptions[m[K(),
[1.005s]       |                                      [01;31m[K^~~~~~~~~~~[m[K
[1.005s]       |                                      [32m[Krclcpp::InitOptions[m[K
[1.005s] In file included from [01m[K/opt/ros/jazzy/include/rclcpp/rclcpp/context.hpp:34[m[K,
[1.005s]                  from [01m[K/opt/ros/jazzy/include/rclcpp/rclcpp/utilities.hpp:24[m[K:
[1.005s] [01m[K/opt/ros/jazzy/include/rclcpp/rclcpp/init_options.hpp:28:7:[m[K [01;36m[Knote: [m[Kâ€˜[01m[Krclcpp::InitOptions[m[Kâ€™ declared here
[1.005s]    28 | class [01;36m[KInitOptions[m[K
[1.005s]       |       [01;36m[K^~~~~~~~~~~[m[K
[1.005s] [01m[K/opt/ros/jazzy/include/rclcpp/rclcpp/utilities.hpp:79:3:[m[K [01;31m[Kerror: [m[Kâ€˜[01m[KSignalHandlerOptions[m[Kâ€™ has not been declared
[1.005s]    79 |   [01;31m[KSignalHandlerOptions[m[K signal_handler_options = SignalHandlerOptions::All);
[1.005s]       |   [01;31m[K^~~~~~~~~~~~~~~~~~~~[m[K
[1.005s] [01m[K/opt/ros/jazzy/include/rclcpp/rclcpp/utilities.hpp:79:49:[m[K [01;31m[Kerror: [m[Kâ€˜[01m[KSignalHandlerOptions[m[Kâ€™ has not been declared
[1.006s]    79 |   SignalHandlerOptions signal_handler_options = [01;31m[KSignalHandlerOptions[m[K::All);
[1.006s]       |                                                 [01;31m[K^~~~~~~~~~~~~~~~~~~~[m[K
[1.006s] [01m[K/opt/ros/jazzy/include/rclcpp/rclcpp/utilities.hpp:78:9:[m[K [01;31m[Kerror: [m[Kâ€˜[01m[KInitOptions[m[Kâ€™ does not name a type
[1.006s]    78 |   const [01;31m[KInitOptions[m[K & init_options = InitOptions(),
[1.006s]       |         [01;31m[K^~~~~~~~~~~[m[K
[1.006s] [01m[K/opt/ros/jazzy/include/rclcpp/rclcpp/utilities.hpp:98:25:[m[K [01;31m[Kerror: [m[Kâ€˜[01m[KSignalHandlerOptions[m[Kâ€™ was not declared in this scope; did you mean â€˜[01m[Krclcpp::SignalHandlerOptions[m[Kâ€™?
[1.006s]    98 | install_signal_handlers([01;31m[KSignalHandlerOptions[m[K signal_handler_options = SignalHandlerOptions::All);
[1.006s]       |                         [01;31m[K^~~~~~~~~~~~~~~~~~~~[m[K
[1.006s]       |                         [32m[Krclcpp::SignalHandlerOptions[m[K
[1.006s] [01m[K/opt/ros/jazzy/include/rclcpp/rclcpp/utilities.hpp:47:12:[m[K [01;36m[Knote: [m[Kâ€˜[01m[Krclcpp::SignalHandlerOptions[m[Kâ€™ declared here
[1.006s]    47 | enum class [01;36m[KSignalHandlerOptions[m[K
[1.006s]       |            [01;36m[K^~~~~~~~~~~~~~~~~~~~[m[K
[1.006s] [01m[K/opt/ros/jazzy/include/rclcpp/rclcpp/utilities.hpp:78:38:[m[K [01;31m[Kerror: [m[Kâ€˜[01m[KInitOptions[m[Kâ€™ was not declared in this scope; did you mean â€˜[01m[Krclcpp::InitOptions[m[Kâ€™?
[1.006s]    78 |   const InitOptions & init_options = [01;31m[KInitOptions[m[K(),
[1.006s]       |                                      [01;31m[K^~~~~~~~~~~[m[K
[1.006s]       |                                      [32m[Krclcpp::InitOptions[m[K
[1.006s] In file included from [01m[K/opt/ros/jazzy/include/rclcpp/rclcpp/context.hpp:34[m[K,
[1.006s]                  from [01m[K/opt/ros/jazzy/include/rclcpp/rclcpp/utilities.hpp:24[m[K:
[1.006s] [01m[K/opt/ros/jazzy/include/rclcpp/rclcpp/init_options.hpp:28:7:[m[K [01;36m[Knote: [m[Kâ€˜[01m[Krclcpp::InitOptions[m[Kâ€™ declared here
[1.006s]    28 | class [01;36m[KInitOptions[m[K
[1.007s]       |       [01;36m[K^~~~~~~~~~~[m[K
[1.007s] [01m[K/opt/ros/jazzy/include/rclcpp/rclcpp/utilities.hpp:79:3:[m[K [01;31m[Kerror: [m[Kâ€˜[01m[KSignalHandlerOptions[m[Kâ€™ has not been declared
[1.007s]    79 |   [01;31m[KSignalHandlerOptions[m[K signal_handler_options = SignalHandlerOptions::All);
[1.007s]       |   [01;31m[K^~~~~~~~~~~~~~~~~~~~[m[K
[1.007s] [01m[K/opt/ros/jazzy/include/rclcpp/rclcpp/utilities.hpp:79:49:[m[K [01;31m[Kerror: [m[Kâ€˜[01m[KSignalHandlerOptions[m[Kâ€™ has not been declared
[1.007s]    79 |   SignalHandlerOptions signal_handler_options = [01;31m[KSignalHandlerOptions[m[K::All);
[1.007s]       |                                                 [01;31m[K^~~~~~~~~~~~~~~~~~~~[m[K
[1.007s] [01m[K/opt/ros/jazzy/include/rclcpp/rclcpp/utilities.hpp:78:9:[m[K [01;31m[Kerror: [m[Kâ€˜[01m[KInitOptions[m[Kâ€™ does not name a type
[1.007s]    78 |   const [01;31m[KInitOptions[m[K & init_options = InitOptions(),
[1.007s]       |         [01;31m[K^~~~~~~~~~~[m[K
[1.007s] [01m[K/opt/ros/jazzy/include/rclcpp/rclcpp/utilities.hpp:98:25:[m[K [01;31m[Kerror: [m[Kâ€˜[01m[KSignalHandlerOptions[m[Kâ€™ was not declared in this scope; did you mean â€˜[01m[Krclcpp::SignalHandlerOptions[m[Kâ€™?
[1.007s]    98 | install_signal_handlers([01;31m[KSignalHandlerOptions[m[K signal_handler_options = SignalHandlerOptions::All);
[1.007s]       |                         [01;31m[K^~~~~~~~~~~~~~~~~~~~[m[K
[1.007s]       |                         [32m[Krclcpp::SignalHandlerOptions[m[K
[1.007s] [01m[K/opt/ros/jazzy/include/rclcpp/rclcpp/utilities.hpp:47:12:[m[K [01;36m[Knote: [m[Kâ€˜[01m[Krclcpp::SignalHandlerOptions[m[Kâ€™ declared here
[1.007s]    47 | enum class [01;36m[KSignalHandlerOptions[m[K
[1.007s]       |            [01;36m[K^~~~~~~~~~~~~~~~~~~~[m[K
[1.007s] [01m[K/opt/ros/jazzy/include/rclcpp/rclcpp/utilities.hpp:78:38:[m[K [01;31m[Kerror: [m[Kâ€˜[01m[KInitOptions[m[Kâ€™ was not declared in this scope; did you mean â€˜[01m[Krclcpp::InitOptions[m[Kâ€™?
[1.007s]    78 |   const InitOptions & init_options = [01;31m[KInitOptions[m[K(),
[1.007s]       |                                      [01;31m[K^~~~~~~~~~~[m[K
[1.008s]       |                                      [32m[Krclcpp::InitOptions[m[K
[1.008s] In file included from [01m[K/opt/ros/jazzy/include/rclcpp/rclcpp/context.hpp:34[m[K,
[1.008s]                  from [01m[K/opt/ros/jazzy/include/rclcpp/rclcpp/utilities.hpp:24[m[K:
[1.008s] [01m[K/opt/ros/jazzy/include/rclcpp/rclcpp/init_options.hpp:28:7:[m[K [01;36m[Knote: [m[Kâ€˜[01m[Krclcpp::InitOptions[m[Kâ€™ declared here
[1.008s]    28 | class [01;36m[KInitOptions[m[K
[1.008s]       |       [01;36m[K^~~~~~~~~~~[m[K
[1.008s] [01m[K/opt/ros/jazzy/include/rclcpp/rclcpp/utilities.hpp:79:3:[m[K [01;31m[Kerror: [m[Kâ€˜[01m[KSignalHandlerOptions[m[Kâ€™ has not been declared
[1.008s]    79 |   [01;31m[KSignalHandlerOptions[m[K signal_handler_options = SignalHandlerOptions::All);
[1.008s]       |   [01;31m[K^~~~~~~~~~~~~~~~~~~~[m[K
[1.008s] [01m[K/opt/ros/jazzy/include/rclcpp/rclcpp/utilities.hpp:79:49:[m[K [01;31m[Kerror: [m[Kâ€˜[01m[KSignalHandlerOptions[m[Kâ€™ has not been declared
[1.008s]    79 |   SignalHandlerOptions signal_handler_options = [01;31m[KSignalHandlerOptions[m[K::All);
[1.008s]       |                                                 [01;31m[K^~~~~~~~~~~~~~~~~~~~[m[K
[1.008s] [01m[K/opt/ros/jazzy/include/rclcpp/rclcpp/utilities.hpp:98:25:[m[K [01;31m[Kerror: [m[Kâ€˜[01m[KSignalHandlerOptions[m[Kâ€™ was not declared in this scope; did you mean â€˜[01m[Krclcpp::SignalHandlerOptions[m[Kâ€™?
[1.008s]    98 | install_signal_handlers([01;31m[KSignalHandlerOptions[m[K signal_handler_options = SignalHandlerOptions::All);
[1.008s]       |                         [01;31m[K^~~~~~~~~~~~~~~~~~~~[m[K
[1.008s]       |                         [32m[Krclcpp::SignalHandlerOptions[m[K
[1.008s] [01m[K/opt/ros/jazzy/include/rclcpp/rclcpp/utilities.hpp:47:12:[m[K [01;36m[Knote: [m[Kâ€˜[01m[Krclcpp::SignalHandlerOptions[m[Kâ€™ declared here
[1.008s]    47 | enum class [01;36m[KSignalHandlerOptions[m[K
[1.008s]       |            [01;36m[K^~~~~~~~~~~~~~~~~~~~[m[K
[1.009s] [01m[K/opt/ros/jazzy/include/rclcpp/rclcpp/utilities.hpp:78:9:[m[K [01;31m[Kerror: [m[Kâ€˜[01m[KInitOptions[m[Kâ€™ does not name a type
[1.009s]    78 |   const [01;31m[KInitOptions[m[K & init_options = InitOptions(),
[1.009s]       |         [01;31m[K^~~~~~~~~~~[m[K
[1.010s] [01m[K/opt/ros/jazzy/include/rclcpp/rclcpp/utilities.hpp:78:38:[m[K [01;31m[Kerror: [m[Kâ€˜[01m[KInitOptions[m[Kâ€™ was not declared in this scope; did you mean â€˜[01m[Krclcpp::InitOptions[m[Kâ€™?
[1.010s]    78 |   const InitOptions & init_options = [01;31m[KInitOptions[m[K(),
[1.010s]       |                                      [01;31m[K^~~~~~~~~~~[m[K
[1.010s]       |                                      [32m[Krclcpp::InitOptions[m[K
[1.010s] In file included from [01m[K/opt/ros/jazzy/include/rclcpp/rclcpp/context.hpp:34[m[K,
[1.010s]                  from [01m[K/opt/ros/jazzy/include/rclcpp/rclcpp/utilities.hpp:24[m[K:
[1.010s] [01m[K/opt/ros/jazzy/include/rclcpp/rclcpp/init_options.hpp:28:7:[m[K [01;36m[Knote: [m[Kâ€˜[01m[Krclcpp::InitOptions[m[Kâ€™ declared here
[1.010s]    28 | class [01;36m[KInitOptions[m[K
[1.011s]       |       [01;36m[K^~~~~~~~~~~[m[K
[1.011s] [01m[K/opt/ros/jazzy/include/rclcpp/rclcpp/utilities.hpp:79:3:[m[K [01;31m[Kerror: [m[Kâ€˜[01m[KSignalHandlerOptions[m[Kâ€™ has not been declared
[1.011s]    79 |   [01;31m[KSignalHandlerOptions[m[K signal_handler_options = SignalHandlerOptions::All);
[1.011s]       |   [01;31m[K^~~~~~~~~~~~~~~~~~~~[m[K
[1.011s] [01m[K/opt/ros/jazzy/include/rclcpp/rclcpp/utilities.hpp:79:49:[m[K [01;31m[Kerror: [m[Kâ€˜[01m[KSignalHandlerOptions[m[Kâ€™ has not been declared
[1.011s]    79 |   SignalHandlerOptions signal_handler_options = [01;31m[KSignalHandlerOptions[m[K::All);
[1.011s]       |                                                 [01;31m[K^~~~~~~~~~~~~~~~~~~~[m[K
[1.011s] [01m[K/opt/ros/jazzy/include/rclcpp/rclcpp/utilities.hpp:98:25:[m[K [01;31m[Kerror: [m[Kâ€˜[01m[KSignalHandlerOptions[m[Kâ€™ was not declared in this scope; did you mean â€˜[01m[Krclcpp::SignalHandlerOptions[m[Kâ€™?
[1.011s]    98 | install_signal_handlers([01;31m[KSignalHandlerOptions[m[K signal_handler_options = SignalHandlerOptions::All);
[1.011s]       |                         [01;31m[K^~~~~~~~~~~~~~~~~~~~[m[K
[1.011s]       |                         [32m[Krclcpp::SignalHandlerOptions[m[K
[1.011s] [01m[K/opt/ros/jazzy/include/rclcpp/rclcpp/utilities.hpp:47:12:[m[K [01;36m[Knote: [m[Kâ€˜[01m[Krclcpp::SignalHandlerOptions[m[Kâ€™ declared here
[1.011s]    47 | enum class [01;36m[KSignalHandlerOptions[m[K
[1.011s]       |            [01;36m[K^~~~~~~~~~~~~~~~~~~~[m[K
[1.019s] [01m[K/opt/ros/jazzy/include/rclcpp/rclcpp/utilities.hpp:110:1:[m[K [01;31m[Kerror: [m[Kâ€˜[01m[KSignalHandlerOptions[m[Kâ€™ does not name a type
[1.019s]   110 | [01;31m[KSignalHandlerOptions[m[K
[1.019s]       | [01;31m[K^~~~~~~~~~~~~~~~~~~~[m[K
[1.020s] [01m[K/opt/ros/jazzy/include/rclcpp/rclcpp/utilities.hpp:110:1:[m[K [01;31m[Kerror: [m[Kâ€˜[01m[KSignalHandlerOptions[m[Kâ€™ does not name a type
[1.020s]   110 | [01;31m[KSignalHandlerOptions[m[K
[1.020s]       | [01;31m[K^~~~~~~~~~~~~~~~~~~~[m[K
[1.022s] [01m[K/opt/ros/jazzy/include/rclcpp/rclcpp/utilities.hpp:110:1:[m[K [01;31m[Kerror: [m[Kâ€˜[01m[KSignalHandlerOptions[m[Kâ€™ does not name a type
[1.022s]   110 | [01;31m[KSignalHandlerOptions[m[K
[1.022s]       | [01;31m[K^~~~~~~~~~~~~~~~~~~~[m[K
[1.024s] [01m[K/opt/ros/jazzy/include/rclcpp/rclcpp/utilities.hpp:110:1:[m[K [01;31m[Kerror: [m[Kâ€˜[01m[KSignalHandlerOptions[m[Kâ€™ does not name a type
[1.024s]   110 | [01;31m[KSignalHandlerOptions[m[K
[1.024s]       | [01;31m[K^~~~~~~~~~~~~~~~~~~~[m[K
[1.024s] [01m[K/opt/ros/jazzy/include/rclcpp/rclcpp/utilities.hpp:143:9:[m[K [01;31m[Kerror: [m[Kâ€˜[01m[KInitOptions[m[Kâ€™ does not name a type
[1.025s]   143 |   const [01;31m[KInitOptions[m[K & init_options = InitOptions());
[1.025s]       |         [01;31m[K^~~~~~~~~~~[m[K
[1.025s] [01m[K/opt/ros/jazzy/include/rclcpp/rclcpp/utilities.hpp:143:9:[m[K [01;31m[Kerror: [m[Kâ€˜[01m[KInitOptions[m[Kâ€™ does not name a type
[1.025s]   143 |   const [01;31m[KInitOptions[m[K & init_options = InitOptions());
[1.025s]       |         [01;31m[K^~~~~~~~~~~[m[K
[1.025s] [01m[K/opt/ros/jazzy/include/rclcpp/rclcpp/utilities.hpp:143:38:[m[K [01;31m[Kerror: [m[Kâ€˜[01m[KInitOptions[m[Kâ€™ was not declared in this scope; did you mean â€˜[01m[Krclcpp::InitOptions[m[Kâ€™?
[1.025s]   143 |   const InitOptions & init_options = [01;31m[KInitOptions[m[K());
[1.025s]       |                                      [01;31m[K^~~~~~~~~~~[m[K
[1.026s]       |                                      [32m[Krclcpp::InitOptions[m[K
[1.026s] [01m[K/opt/ros/jazzy/include/rclcpp/rclcpp/init_options.hpp:28:7:[m[K [01;36m[Knote: [m[Kâ€˜[01m[Krclcpp::InitOptions[m[Kâ€™ declared here
[1.026s]    28 | class [01;36m[KInitOptions[m[K
[1.026s]       |       [01;36m[K^~~~~~~~~~~[m[K
[1.026s] [01m[K/opt/ros/jazzy/include/rclcpp/rclcpp/utilities.hpp:333:1:[m[K [01;31m[Kerror: [m[Kexpected declaration before â€˜[01m[K}[m[Kâ€™ token
[1.026s]   333 | [01;31m[K}[m[K  // namespace rclcpp
[1.026s]       | [01;31m[K^[m[K
[1.026s] [01m[K/opt/ros/jazzy/include/rclcpp/rclcpp/utilities.hpp:143:38:[m[K [01;31m[Kerror: [m[Kâ€˜[01m[KInitOptions[m[Kâ€™ was not declared in this scope; did you mean â€˜[01m[Krclcpp::InitOptions[m[Kâ€™?
[1.026s]   143 |   const InitOptions & init_options = [01;31m[KInitOptions[m[K());
[1.026s]       |                                      [01;31m[K^~~~~~~~~~~[m[K
[1.026s]       |                                      [32m[Krclcpp::InitOptions[m[K
[1.026s] [01m[K/opt/ros/jazzy/include/rclcpp/rclcpp/init_options.hpp:28:7:[m[K [01;36m[Knote: [m[Kâ€˜[01m[Krclcpp::InitOptions[m[Kâ€™ declared here
[1.026s]    28 | class [01;36m[KInitOptions[m[K
[1.026s]       |       [01;36m[K^~~~~~~~~~~[m[K
[1.026s] [01m[K/opt/ros/jazzy/include/rclcpp/rclcpp/utilities.hpp:333:1:[m[K [01;31m[Kerror: [m[Kexpected declaration before â€˜[01m[K}[m[Kâ€™ token
[1.026s]   333 | [01;31m[K}[m[K  // namespace rclcpp
[1.027s]       | [01;31m[K^[m[K
[1.027s] [01m[K/opt/ros/jazzy/include/rclcpp/rclcpp/utilities.hpp:143:9:[m[K [01;31m[Kerror: [m[Kâ€˜[01m[KInitOptions[m[Kâ€™ does not name a type
[1.027s]   143 |   const [01;31m[KInitOptions[m[K & init_options = InitOptions());
[1.028s]       |         [01;31m[K^~~~~~~~~~~[m[K
[1.028s] [01m[K/opt/ros/jazzy/include/rclcpp/rclcpp/utilities.hpp:143:38:[m[K [01;31m[Kerror: [m[Kâ€˜[01m[KInitOptions[m[Kâ€™ was not declared in this scope; did you mean â€˜[01m[Krclcpp::InitOptions[m[Kâ€™?
[1.028s]   143 |   const InitOptions & init_options = [01;31m[KInitOptions[m[K());
[1.028s]       |                                      [01;31m[K^~~~~~~~~~~[m[K
[1.028s]       |                                      [32m[Krclcpp::InitOptions[m[K
[1.028s] [01m[K/opt/ros/jazzy/include/rclcpp/rclcpp/init_options.hpp:28:7:[m[K [01;36m[Knote: [m[Kâ€˜[01m[Krclcpp::InitOptions[m[Kâ€™ declared here
[1.029s]    28 | class [01;36m[KInitOptions[m[K
[1.029s]       |       [01;36m[K^~~~~~~~~~~[m[K
[1.029s] [01m[K/opt/ros/jazzy/include/rclcpp/rclcpp/utilities.hpp:333:1:[m[K [01;31m[Kerror: [m[Kexpected declaration before â€˜[01m[K}[m[Kâ€™ token
[1.029s]   333 | [01;31m[K}[m[K  // namespace rclcpp
[1.029s]       | [01;31m[K^[m[K
[1.029s] [01m[K/opt/ros/jazzy/include/rclcpp/rclcpp/utilities.hpp:143:9:[m[K [01;31m[Kerror: [m[Kâ€˜[01m[KInitOptions[m[Kâ€™ does not name a type
[1.029s]   143 |   const [01;31m[KInitOptions[m[K & init_options = InitOptions());
[1.029s]       |         [01;31m[K^~~~~~~~~~~[m[K
[1.030s] [01m[K/opt/ros/jazzy/include/rclcpp/rclcpp/utilities.hpp:143:38:[m[K [01;31m[Kerror: [m[Kâ€˜[01m[KInitOptions[m[Kâ€™ was not declared in this scope; did you mean â€˜[01m[Krclcpp::InitOptions[m[Kâ€™?
[1.030s]   143 |   const InitOptions & init_options = [01;31m[KInitOptions[m[K());
[1.030s]       |                                      [01;31m[K^~~~~~~~~~~[m[K
[1.030s]       |                                      [32m[Krclcpp::InitOptions[m[K
[1.030s] [01m[K/opt/ros/jazzy/include/rclcpp/rclcpp/init_options.hpp:28:7:[m[K [01;36m[Knote: [m[Kâ€˜[01m[Krclcpp::InitOptions[m[Kâ€™ declared here
[1.030s]    28 | class [01;36m[KInitOptions[m[K
[1.031s]       |       [01;36m[K^~~~~~~~~~~[m[K
[1.031s] [01m[K/opt/ros/jazzy/include/rclcpp/rclcpp/utilities.hpp:333:1:[m[K [01;31m[Kerror: [m[Kexpected declaration before â€˜[01m[K}[m[Kâ€™ token
[1.031s]   333 | [01;31m[K}[m[K  // namespace rclcpp
[1.031s]       | [01;31m[K^[m[K
[1.264s] In file included from [01m[K/opt/ros/jazzy/include/rclcpp/rclcpp/timer.hpp:32[m[K,
[1.264s]                  from [01m[K/opt/ros/jazzy/include/rclcpp/rclcpp/callback_group.hpp:30[m[K,
[1.264s]                  from [01m[K/opt/ros/jazzy/include/rclcpp/rclcpp/any_executable.hpp:20[m[K,
[1.264s]                  from [01m[K/opt/ros/jazzy/include/rclcpp/rclcpp/memory_strategy.hpp:25[m[K,
[1.264s]                  from [01m[K/opt/ros/jazzy/include/rclcpp/rclcpp/memory_strategies.hpp:18[m[K,
[1.264s]                  from [01m[K/opt/ros/jazzy/include/rclcpp/rclcpp/executor_options.hpp:22[m[K,
[1.264s]                  from [01m[K/opt/ros/jazzy/include/rclcpp/rclcpp/executor.hpp:38[m[K,
[1.264s]                  from [01m[K/opt/ros/jazzy/include/rclcpp/rclcpp/executors/multi_threaded_executor.hpp:25[m[K,
[1.264s]                  from [01m[K/opt/ros/jazzy/include/rclcpp/rclcpp/executors.hpp:21[m[K,
[1.264s]                  from [01m[K/opt/ros/jazzy/include/rclcpp/rclcpp/rclcpp.hpp:172[m[K:
[1.265s] [01m[K/opt/ros/jazzy/include/rclcpp/rclcpp/rate.hpp:[m[K In member function â€˜[01m[Kvirtual bool rclcpp::GenericRate<Clock>::[01;32m[Ksleep[m[K()[m[Kâ€™:
[1.265s] [01m[K/opt/ros/jazzy/include/rclcpp/rclcpp/rate.hpp:98:13:[m[K [01;31m[Kerror: [m[Kâ€˜[01m[Ksleep_for[m[Kâ€™ is not a member of â€˜[01m[Krclcpp[m[Kâ€™
[1.265s]    98 |     rclcpp::[01;31m[Ksleep_for[m[K(time_to_sleep);
[1.265s]       |             [01;31m[K^~~~~~~~~[m[K
[1.265s] In file included from [01m[K/opt/ros/jazzy/include/rclcpp/rclcpp/timer.hpp:32[m[K,
[1.265s]                  from [01m[K/opt/ros/jazzy/include/rclcpp/rclcpp/callback_group.hpp:30[m[K,
[1.265s]                  from [01m[K/opt/ros/jazzy/include/rclcpp/rclcpp/any_executable.hpp:20[m[K,
[1.265s]                  from [01m[K/opt/ros/jazzy/include/rclcpp/rclcpp/memory_strategy.hpp:25[m[K,
[1.265s]                  from [01m[K/opt/ros/jazzy/include/rclcpp/rclcpp/memory_strategies.hpp:18[m[K,
[1.265s]                  from [01m[K/opt/ros/jazzy/include/rclcpp/rclcpp/executor_options.hpp:22[m[K,
[1.265s]                  from [01m[K/opt/ros/jazzy/include/rclcpp/rclcpp/executor.hpp:38[m[K,
[1.266s]                  from [01m[K/opt/ros/jazzy/include/rclcpp/rclcpp/executors/multi_threaded_executor.hpp:25[m[K,
[1.266s]                  from [01m[K/opt/ros/jazzy/include/rclcpp/rclcpp/executors.hpp:21[m[K,
[1.266s]                  from [01m[K/opt/ros/jazzy/include/rclcpp/rclcpp/rclcpp.hpp:172[m[K:
[1.266s] [01m[K/opt/ros/jazzy/include/rclcpp/rclcpp/rate.hpp:[m[K In member function â€˜[01m[Kvirtual bool rclcpp::GenericRate<Clock>::[01;32m[Ksleep[m[K()[m[Kâ€™:
[1.266s] [01m[K/opt/ros/jazzy/include/rclcpp/rclcpp/rate.hpp:98:13:[m[K [01;31m[Kerror: [m[Kâ€˜[01m[Ksleep_for[m[Kâ€™ is not a member of â€˜[01m[Krclcpp[m[Kâ€™
[1.266s]    98 |     rclcpp::[01;31m[Ksleep_for[m[K(time_to_sleep);
[1.266s]       |             [01;31m[K^~~~~~~~~[m[K
[1.266s] [01m[K/opt/ros/jazzy/include/rclcpp/rclcpp/rate.hpp:98:13:[m[K [01;36m[Knote: [m[Ksuggested alternatives:
[1.266s] [01m[K/opt/ros/jazzy/include/rclcpp/rclcpp/rate.hpp:98:13:[m[K [01;36m[Knote: [m[Ksuggested alternatives:
[1.266s] [01m[K/opt/ros/jazzy/include/rclcpp/rclcpp/utilities.hpp:232:1:[m[K [01;36m[Knote: [m[K  â€˜[01m[Ksleep_for[m[Kâ€™
[1.266s]   232 | [01;36m[Ksleep_for[m[K(
[1.267s]       | [01;36m[K^~~~~~~~~[m[K
[1.267s] [01m[K/opt/ros/jazzy/include/rclcpp/rclcpp/utilities.hpp:232:1:[m[K [01;36m[Knote: [m[K  â€˜[01m[Ksleep_for[m[Kâ€™
[1.267s]   232 | [01;36m[Ksleep_for[m[K(
[1.267s]       | [01;36m[K^~~~~~~~~[m[K
[1.267s] In file included from [01m[K/usr/include/c++/13/thread:46[m[K,
[1.267s]                  from [01m[K/opt/ros/jazzy/include/rclcpp/rclcpp/executors/multi_threaded_executor.hpp:22[m[K:
[1.267s] [01m[K/usr/include/c++/13/bits/this_thread_sleep.h:68:7:[m[K [01;36m[Knote: [m[K  â€˜[01m[Kstd::this_thread::sleep_for[m[Kâ€™
[1.267s]    68 |       [01;36m[Ksleep_for[m[K(const chrono::duration<_Rep, _Period>& __rtime)
[1.267s]       |       [01;36m[K^~~~~~~~~[m[K
[1.267s] In file included from [01m[K/usr/include/c++/13/thread:46[m[K,
[1.267s]                  from [01m[K/opt/ros/jazzy/include/rclcpp/rclcpp/executors/multi_threaded_executor.hpp:22[m[K:
[1.267s] [01m[K/usr/include/c++/13/bits/this_thread_sleep.h:68:7:[m[K [01;36m[Knote: [m[K  â€˜[01m[Kstd::this_thread::sleep_for[m[Kâ€™
[1.268s]    68 |       [01;36m[Ksleep_for[m[K(const chrono::duration<_Rep, _Period>& __rtime)
[1.268s]       |       [01;36m[K^~~~~~~~~[m[K
[1.268s] In file included from [01m[K/opt/ros/jazzy/include/rclcpp/rclcpp/timer.hpp:32[m[K,
[1.268s]                  from [01m[K/opt/ros/jazzy/include/rclcpp/rclcpp/callback_group.hpp:30[m[K,
[1.268s]                  from [01m[K/opt/ros/jazzy/include/rclcpp/rclcpp/any_executable.hpp:20[m[K,
[1.268s]                  from [01m[K/opt/ros/jazzy/include/rclcpp/rclcpp/memory_strategy.hpp:25[m[K,
[1.268s]                  from [01m[K/opt/ros/jazzy/include/rclcpp/rclcpp/memory_strategies.hpp:18[m[K,
[1.268s]                  from [01m[K/opt/ros/jazzy/include/rclcpp/rclcpp/executor_options.hpp:22[m[K,
[1.268s]                  from [01m[K/opt/ros/jazzy/include/rclcpp/rclcpp/executor.hpp:38[m[K,
[1.268s]                  from [01m[K/opt/ros/jazzy/include/rclcpp/rclcpp/executors/multi_threaded_executor.hpp:25[m[K,
[1.268s]                  from [01m[K/opt/ros/jazzy/include/rclcpp/rclcpp/executors.hpp:21[m[K,
[1.269s]                  from [01m[K/opt/ros/jazzy/include/rclcpp/rclcpp/rclcpp.hpp:172[m[K:
[1.269s] [01m[K/opt/ros/jazzy/include/rclcpp/rclcpp/rate.hpp:[m[K In member function â€˜[01m[Kvirtual bool rclcpp::GenericRate<Clock>::[01;32m[Ksleep[m[K()[m[Kâ€™:
[1.269s] [01m[K/opt/ros/jazzy/include/rclcpp/rclcpp/rate.hpp:98:13:[m[K [01;31m[Kerror: [m[Kâ€˜[01m[Ksleep_for[m[Kâ€™ is not a member of â€˜[01m[Krclcpp[m[Kâ€™
[1.269s]    98 |     rclcpp::[01;31m[Ksleep_for[m[K(time_to_sleep);
[1.269s]       |             [01;31m[K^~~~~~~~~[m[K
[1.269s] [01m[K/opt/ros/jazzy/include/rclcpp/rclcpp/rate.hpp:98:13:[m[K [01;36m[Knote: [m[Ksuggested alternatives:
[1.269s] [01m[K/opt/ros/jazzy/include/rclcpp/rclcpp/utilities.hpp:232:1:[m[K [01;36m[Knote: [m[K  â€˜[01m[Ksleep_for[m[Kâ€™
[1.269s]   232 | [01;36m[Ksleep_for[m[K(
[1.269s]       | [01;36m[K^~~~~~~~~[m[K
[1.269s] In file included from [01m[K/usr/include/c++/13/thread:46[m[K,
[1.269s]                  from [01m[K/opt/ros/jazzy/include/rclcpp/rclcpp/executors/multi_threaded_executor.hpp:22[m[K:
[1.270s] [01m[K/usr/include/c++/13/bits/this_thread_sleep.h:68:7:[m[K [01;36m[Knote: [m[K  â€˜[01m[Kstd::this_thread::sleep_for[m[Kâ€™
[1.270s]    68 |       [01;36m[Ksleep_for[m[K(const chrono::duration<_Rep, _Period>& __rtime)
[1.270s]       |       [01;36m[K^~~~~~~~~[m[K
[1.270s] In file included from [01m[K/opt/ros/jazzy/include/rclcpp/rclcpp/timer.hpp:32[m[K,
[1.270s]                  from [01m[K/opt/ros/jazzy/include/rclcpp/rclcpp/callback_group.hpp:30[m[K,
[1.270s]                  from [01m[K/opt/ros/jazzy/include/rclcpp/rclcpp/any_executable.hpp:20[m[K,
[1.270s]                  from [01m[K/opt/ros/jazzy/include/rclcpp/rclcpp/memory_strategy.hpp:25[m[K,
[1.271s]                  from [01m[K/opt/ros/jazzy/include/rclcpp/rclcpp/memory_strategies.hpp:18[m[K,
[1.271s]                  from [01m[K/opt/ros/jazzy/include/rclcpp/rclcpp/executor_options.hpp:22[m[K,
[1.271s]                  from [01m[K/opt/ros/jazzy/include/rclcpp/rclcpp/executor.hpp:38[m[K,
[1.271s]                  from [01m[K/opt/ros/jazzy/include/rclcpp/rclcpp/executors/multi_threaded_executor.hpp:25[m[K,
[1.271s]                  from [01m[K/opt/ros/jazzy/include/rclcpp/rclcpp/executors.hpp:21[m[K,
[1.271s]                  from [01m[K/opt/ros/jazzy/include/rclcpp/rclcpp/rclcpp.hpp:172[m[K:
[1.271s] [01m[K/opt/ros/jazzy/include/rclcpp/rclcpp/rate.hpp:[m[K In member function â€˜[01m[Kvirtual bool rclcpp::GenericRate<Clock>::[01;32m[Ksleep[m[K()[m[Kâ€™:
[1.271s] [01m[K/opt/ros/jazzy/include/rclcpp/rclcpp/rate.hpp:98:13:[m[K [01;31m[Kerror: [m[Kâ€˜[01m[Ksleep_for[m[Kâ€™ is not a member of â€˜[01m[Krclcpp[m[Kâ€™
[1.271s]    98 |     rclcpp::[01;31m[Ksleep_for[m[K(time_to_sleep);
[1.271s]       |             [01;31m[K^~~~~~~~~[m[K
[1.271s] [01m[K/opt/ros/jazzy/include/rclcpp/rclcpp/rate.hpp:98:13:[m[K [01;36m[Knote: [m[Ksuggested alternatives:
[1.272s] [01m[K/opt/ros/jazzy/include/rclcpp/rclcpp/utilities.hpp:232:1:[m[K [01;36m[Knote: [m[K  â€˜[01m[Ksleep_for[m[Kâ€™
[1.272s]   232 | [01;36m[Ksleep_for[m[K(
[1.272s]       | [01;36m[K^~~~~~~~~[m[K
[1.272s] In file included from [01m[K/usr/include/c++/13/thread:46[m[K,
[1.272s]                  from [01m[K/opt/ros/jazzy/include/rclcpp/rclcpp/executors/multi_threaded_executor.hpp:22[m[K:
[1.272s] [01m[K/usr/include/c++/13/bits/this_thread_sleep.h:68:7:[m[K [01;36m[Knote: [m[K  â€˜[01m[Kstd::this_thread::sleep_for[m[Kâ€™
[1.272s]    68 |       [01;36m[Ksleep_for[m[K(const chrono::duration<_Rep, _Period>& __rtime)
[1.272s]       |       [01;36m[K^~~~~~~~~[m[K
[2.314s] [01m[K/home/tungchiahui/UserFloder/mysource/ROS/ROS2_WS/6.ws_simulations/src/stage_ros2/src/stage_node.cpp:[m[K In static member function â€˜[01m[Kstatic int StageNode::[01;32m[Kcallback_update_stage_world[m[K(Stg::World*, StageNode*)[m[Kâ€™:
[2.314s] [01m[K/home/tungchiahui/UserFloder/mysource/ROS/ROS2_WS/6.ws_simulations/src/stage_ros2/src/stage_node.cpp:160:16:[m[K [01;31m[Kerror: [m[Kâ€˜[01m[Kok[m[Kâ€™ is not a member of â€˜[01m[Krclcpp[m[Kâ€™; did you mean â€˜[01m[Kok[m[Kâ€™?
[2.314s]   160 |   if (!rclcpp::[01;31m[Kok[m[K()) {
[2.314s]       |                [01;31m[K^~[m[K
[2.314s] [01m[K/opt/ros/jazzy/include/rclcpp/rclcpp/utilities.hpp:176:1:[m[K [01;36m[Knote: [m[Kâ€˜[01m[Kok[m[Kâ€™ declared here
[2.314s]   176 | [01;36m[Kok[m[K(rclcpp::Context::SharedPtr context = nullptr);
[2.314s]       | [01;36m[K^~[m[K
[3.606s] gmake[2]: *** [CMakeFiles/stage_node.dir/build.make:104: CMakeFiles/stage_node.dir/src/ranger.cpp.o] Error 1
[3.606s] gmake[2]: *** Waiting for unfinished jobs....
[3.755s] gmake[2]: *** [CMakeFiles/stage_node.dir/build.make:118: CMakeFiles/stage_node.dir/src/camera.cpp.o] Error 1
[3.907s] gmake[2]: *** [CMakeFiles/stage_node.dir/build.make:76: CMakeFiles/stage_node.dir/src/stage_node.cpp.o] Error 1
[4.528s] gmake[2]: *** [CMakeFiles/stage_node.dir/build.make:90: CMakeFiles/stage_node.dir/src/vehicle.cpp.o] Error 1
[4.528s] gmake[1]: *** [CMakeFiles/Makefile2:139: CMakeFiles/stage_node.dir/all] Error 2
[4.529s] gmake: *** [Makefile:146: all] Error 2
[4.530s] Invoked command in '/home/tungchiahui/UserFloder/mysource/ROS/ROS2_WS/6.ws_simulations/build/stage_ros2' returned '2': CMAKE_PREFIX_PATH=/home/tungchiahui/UserFloder/mysource/ROS/ROS2_WS/6.ws_simulations/install/Stage:/opt/ros/jazzy/opt/gz_sim_vendor:/opt/ros/jazzy/opt/gz_sensors_vendor:/opt/ros/jazzy/opt/gz_physics_vendor:/opt/ros/jazzy/opt/sdformat_vendor:/opt/ros/jazzy/opt/gz_gui_vendor:/opt/ros/jazzy/opt/gz_transport_vendor:/opt/ros/jazzy/opt/gz_rendering_vendor:/opt/ros/jazzy/opt/gz_plugin_vendor:/opt/ros/jazzy/opt/gz_fuel_tools_vendor:/opt/ros/jazzy/opt/gz_msgs_vendor:/opt/ros/jazzy/opt/gz_common_vendor:/opt/ros/jazzy/opt/gz_math_vendor:/opt/ros/jazzy/opt/gz_utils_vendor:/opt/ros/jazzy/opt/gz_tools_vendor:/opt/ros/jazzy/opt/gz_ogre_next_vendor:/opt/ros/jazzy/opt/gz_dartsim_vendor:/opt/ros/jazzy/opt/gz_cmake_vendor:/opt/ros/jazzy LD_LIBRARY_PATH=/home/tungchiahui/UserFloder/mysource/ROS/ROS2_WS/6.ws_simulations/install/Stage/lib:${LD_LIBRARY_PATH} PATH=/home/tungchiahui/UserFloder/mysource/ROS/ROS2_WS/6.ws_simulations/install/Stage/bin:${PATH} /usr/bin/cmake --build /home/tungchiahui/UserFloder/mysource/ROS/ROS2_WS/6.ws_simulations/build/stage_ros2 -- -j16 -l16
