[ 50%] [32mBuilding CXX object CMakeFiles/demo01_uart_send.dir/src/demo01_uart_send.cpp.o[0m
[01m[K/home/tungchiahui/mysource/ROS2_WS/8.ws_compro/src/cpp01_serial/src/demo01_uart_send.cpp:[m[K In lambda function:
[01m[K/home/tungchiahui/mysource/ROS2_WS/8.ws_compro/src/cpp01_serial/src/demo01_uart_send.cpp:91:11:[m[K [01;31m[Kerror: [m[Kâ€˜[01m[Kstd::shared_ptr<drivers::common::IoContext> Serial_Node::io_context_[m[Kâ€™ is private within this context
   91 |     node->[01;31m[Kio_context_[m[K->run();
      |           [01;31m[K^~~~~~~~~~~[m[K
[01m[K/home/tungchiahui/mysource/ROS2_WS/8.ws_compro/src/cpp01_serial/src/demo01_uart_send.cpp:78:47:[m[K [01;36m[Knote: [m[Kdeclared private here
   78 |   std::shared_ptr<drivers::common::IoContext> [01;36m[Kio_context_[m[K;
      |                                               [01;36m[K^~~~~~~~~~~[m[K
[01m[K/home/tungchiahui/mysource/ROS2_WS/8.ws_compro/src/cpp01_serial/src/demo01_uart_send.cpp:91:24:[m[K [01;31m[Kerror: [m[Kâ€˜[01m[Kusing std::__shared_ptr_access<drivers::common::IoContext, __gnu_cxx::_S_atomic, false, false>::element_type = class drivers::common::IoContext[m[Kâ€™ {aka â€˜[01m[Kclass drivers::common::IoContext[m[Kâ€™} has no member named â€˜[01m[Krun[m[Kâ€™
   91 |     node->io_context_->[01;31m[Krun[m[K();
      |                        [01;31m[K^~~[m[K
[01m[K/home/tungchiahui/mysource/ROS2_WS/8.ws_compro/src/cpp01_serial/src/demo01_uart_send.cpp:[m[K In function â€˜[01m[Kint[01;32m[K main[m[K(int, char**)[m[Kâ€™:
[01m[K/home/tungchiahui/mysource/ROS2_WS/8.ws_compro/src/cpp01_serial/src/demo01_uart_send.cpp:97:9:[m[K [01;31m[Kerror: [m[Kâ€˜[01m[Kstd::shared_ptr<drivers::common::IoContext> Serial_Node::io_context_[m[Kâ€™ is private within this context
   97 |   node->[01;31m[Kio_context_[m[K->stop();
      |         [01;31m[K^~~~~~~~~~~[m[K
[01m[K/home/tungchiahui/mysource/ROS2_WS/8.ws_compro/src/cpp01_serial/src/demo01_uart_send.cpp:78:47:[m[K [01;36m[Knote: [m[Kdeclared private here
   78 |   std::shared_ptr<drivers::common::IoContext> [01;36m[Kio_context_[m[K;
      |                                               [01;36m[K^~~~~~~~~~~[m[K
[01m[K/home/tungchiahui/mysource/ROS2_WS/8.ws_compro/src/cpp01_serial/src/demo01_uart_send.cpp:97:22:[m[K [01;31m[Kerror: [m[Kâ€˜[01m[Kusing std::__shared_ptr_access<drivers::common::IoContext, __gnu_cxx::_S_atomic, false, false>::element_type = class drivers::common::IoContext[m[Kâ€™ {aka â€˜[01m[Kclass drivers::common::IoContext[m[Kâ€™} has no member named â€˜[01m[Kstop[m[Kâ€™
   97 |   node->io_context_->[01;31m[Kstop[m[K();
      |                      [01;31m[K^~~~[m[K
gmake[2]: *** [CMakeFiles/demo01_uart_send.dir/build.make:76: CMakeFiles/demo01_uart_send.dir/src/demo01_uart_send.cpp.o] Error 1
gmake[1]: *** [CMakeFiles/Makefile2:137: CMakeFiles/demo01_uart_send.dir/all] Error 2
gmake: *** [Makefile:146: all] Error 2
