[0.043s] Invoking command in '/home/tungchiahui/mysource/ros2src/5.opencv_demo_ws/build/opencv_demo1': CMAKE_PREFIX_PATH=${CMAKE_PREFIX_PATH}:/opt/ros/humble /usr/bin/cmake --build /home/tungchiahui/mysource/ros2src/5.opencv_demo_ws/build/opencv_demo1 -- -j16 -l16
[0.068s] [35m[1mConsolidate compiler generated dependencies of target opencv_node[0m
[0.079s] [ 50%] [32mBuilding CXX object CMakeFiles/opencv_node.dir/src/opencv_node.cpp.o[0m
[2.185s] [01m[K/home/tungchiahui/mysource/ros2src/5.opencv_demo_ws/src/opencv_demo1/src/opencv_node.cpp:[m[K In function ‚Äò[01m[Kint main(int, char**)[m[K‚Äô:
[2.185s] [01m[K/home/tungchiahui/mysource/ros2src/5.opencv_demo_ws/src/opencv_demo1/src/opencv_node.cpp:11:3:[m[K [01;31m[Kerror: [m[K‚Äò[01m[KMat[m[K‚Äô was not declared in this scope; did you mean ‚Äò[01m[Kcv::Mat[m[K‚Äô?
[2.185s]    11 |   [01;31m[KMat[m[K picture_demo_mat = imread("/home/tungchiahui/ÂõæÁâá/xiaoshen.jpg");
[2.185s]       |   [01;31m[K^~~[m[K
[2.185s]       |   [32m[Kcv::Mat[m[K
[2.185s] In file included from [01m[K/usr/local/include/opencv4/opencv2/core.hpp:58[m[K,
[2.185s]                  from [01m[K/usr/local/include/opencv4/opencv2/opencv.hpp:52[m[K,
[2.185s]                  from [01m[K/home/tungchiahui/mysource/ros2src/5.opencv_demo_ws/src/opencv_demo1/src/opencv_node.cpp:2[m[K:
[2.185s] [01m[K/usr/local/include/opencv4/opencv2/core/mat.hpp:810:18:[m[K [01;36m[Knote: [m[K‚Äò[01m[Kcv::Mat[m[K‚Äô declared here
[2.185s]   810 | class CV_EXPORTS [01;36m[KMat[m[K
[2.185s]       |                  [01;36m[K^~~[m[K
[2.190s] [01m[K/home/tungchiahui/mysource/ros2src/5.opencv_demo_ws/src/opencv_demo1/src/opencv_node.cpp:12:22:[m[K [01;31m[Kerror: [m[K‚Äò[01m[Kpicture_demo_mat[m[K‚Äô was not declared in this scope
[2.190s]    12 |   imshow("xiaoshen", [01;31m[Kpicture_demo_mat[m[K);
[2.190s]       |                      [01;31m[K^~~~~~~~~~~~~~~~[m[K
[2.191s] [01m[K/home/tungchiahui/mysource/ros2src/5.opencv_demo_ws/src/opencv_demo1/src/opencv_node.cpp:12:3:[m[K [01;31m[Kerror: [m[K‚Äò[01m[Kimshow[m[K‚Äô was not declared in this scope; did you mean ‚Äò[01m[Kcv::imshow[m[K‚Äô?
[2.191s]    12 |   [01;31m[Kimshow[m[K("xiaoshen", picture_demo_mat);
[2.191s]       |   [01;31m[K^~~~~~[m[K
[2.191s]       |   [32m[Kcv::imshow[m[K
[2.191s] In file included from [01m[K/usr/local/include/opencv4/opencv2/opencv.hpp:68[m[K,
[2.191s]                  from [01m[K/home/tungchiahui/mysource/ros2src/5.opencv_demo_ws/src/opencv_demo1/src/opencv_node.cpp:2[m[K:
[2.191s] [01m[K/usr/local/include/opencv4/opencv2/highgui.hpp:653:17:[m[K [01;36m[Knote: [m[K‚Äò[01m[Kcv::imshow[m[K‚Äô declared here
[2.191s]   653 | CV_EXPORTS void [01;36m[Kimshow[m[K(const String& winname, const ogl::Texture2D& tex);
[2.191s]       |                 [01;36m[K^~~~~~[m[K
[2.191s] [01m[K/home/tungchiahui/mysource/ros2src/5.opencv_demo_ws/src/opencv_demo1/src/opencv_node.cpp:16:3:[m[K [01;31m[Kerror: [m[K‚Äò[01m[KwaitKey[m[K‚Äô was not declared in this scope; did you mean ‚Äò[01m[Kcv::waitKey[m[K‚Äô?
[2.191s]    16 |   [01;31m[KwaitKey[m[K(0);                           // ËøôÂè•Á°Æ‰øùÁ™óÂè£‰∏ÄÁõ¥ÊâìÂºÄ
[2.191s]       |   [01;31m[K^~~~~~~[m[K
[2.191s]       |   [32m[Kcv::waitKey[m[K
[2.191s] In file included from [01m[K/usr/local/include/opencv4/opencv2/opencv.hpp:68[m[K,
[2.191s]                  from [01m[K/home/tungchiahui/mysource/ros2src/5.opencv_demo_ws/src/opencv_demo1/src/opencv_node.cpp:2[m[K:
[2.191s] [01m[K/usr/local/include/opencv4/opencv2/highgui.hpp:363:18:[m[K [01;36m[Knote: [m[K‚Äò[01m[Kcv::waitKey[m[K‚Äô declared here
[2.192s]   363 | CV_EXPORTS_W int [01;36m[KwaitKey[m[K(int delay = 0);
[2.192s]       |                  [01;36m[K^~~~~~~[m[K
[2.761s] gmake[2]: *** [CMakeFiles/opencv_node.dir/build.make:76: CMakeFiles/opencv_node.dir/src/opencv_node.cpp.o] Error 1
[2.762s] gmake[1]: *** [CMakeFiles/Makefile2:137: CMakeFiles/opencv_node.dir/all] Error 2
[2.762s] gmake: *** [Makefile:146: all] Error 2
[2.763s] Invoked command in '/home/tungchiahui/mysource/ros2src/5.opencv_demo_ws/build/opencv_demo1' returned '2': CMAKE_PREFIX_PATH=${CMAKE_PREFIX_PATH}:/opt/ros/humble /usr/bin/cmake --build /home/tungchiahui/mysource/ros2src/5.opencv_demo_ws/build/opencv_demo1 -- -j16 -l16
