[35m[1mConsolidate compiler generated dependencies of target demo02_uart_receive[0m
[ 50%] Built target demo01_uart_send
[ 75%] [32mBuilding CXX object CMakeFiles/demo02_uart_receive.dir/src/demo02_uart_receive.cpp.o[0m
[01m[K/home/tungchiahui/UserFloder/mysource/ROS/ROS2_WS/8.ws_compro/src/cpp01_serial/src/demo02_uart_receive.cpp:[m[K In member function ‚Äò[01m[Kvoid Serial_Node::async_receive_message()[m[K‚Äô:
[01m[K/home/tungchiahui/UserFloder/mysource/ROS/ROS2_WS/8.ws_compro/src/cpp01_serial/src/demo02_uart_receive.cpp:54:24:[m[K [01;31m[Kerror: [m[Kcannot convert ‚Äò[01m[KSerial_Node::async_receive_message()::<lambda(const std::vector<unsigned char, std::allocator<unsigned char> >&)>[m[K‚Äô to ‚Äò[01m[Kdrivers::serial_driver::Functor[m[K‚Äô {aka ‚Äò[01m[Kstd::function<void(std::vector<unsigned char, std::allocator<unsigned char> >&, const long unsigned int&)>[m[K‚Äô}
   54 |     [01;31m[Kport->async_receive([this](const std::vector<uint8_t> &data)[m[K
      |     [01;31m[K~~~~~~~~~~~~~~~~~~~^~~~~~~~~~~~~~~~~~~~~~~~~~~~~~~~~~~~~~~~~[m[K
   55 | [01;31m[K    {[m[K
      |     [01;31m[K~[m[K                   
   56 | [01;31m[K        if (!data.empty())[m[K
      |         [01;31m[K~~~~~~~~~~~~~~~~~~[m[K
   57 | [01;31m[K        {[m[K
      |         [01;31m[K~[m[K               
   58 | [01;31m[K            // Â§ÑÁêÜÊé•Êî∂Âà∞ÁöÑÊï∞ÊçÆ[m[K
      |             [01;31m[K~~~~~~~~~~~~~~~~~~~[m[K
   59 | [01;31m[K            std::string received_message(data.begin(), data.end());[m[K
      |             [01;31m[K~~~~~~~~~~~~~~~~~~~~~~~~~~~~~~~~~~~~~~~~~~~~~~~~~~~~~~~[m[K
   60 | [01;31m[K            RCLCPP_INFO(this->get_logger(), "Received: %s", received_message.c_str());[m[K
      |             [01;31m[K~~~~~~~~~~~~~~~~~~~~~~~~~~~~~~~~~~~~~~~~~~~~~~~~~~~~~~~~~~~~~~~~~~~~~~~~~~[m[K
   61 | [01;31m[K        }[m[K
      |         [01;31m[K~[m[K               
   62 | [01;31m[K        // ÁªßÁª≠ÁõëÂê¨Êñ∞ÁöÑÊï∞ÊçÆ[m[K
      |         [01;31m[K~~~~~~~~~~~~~~~~~~~[m[K
   63 | [01;31m[K        async_receive_message();[m[K
      |         [01;31m[K~~~~~~~~~~~~~~~~~~~~~~~~[m[K
   64 | [01;31m[K    }[m[K
      |     [01;31m[K~[m[K                   
   65 | [01;31m[K    )[m[K;
      |     [01;31m[K~[m[K                   
In file included from [01m[K/opt/ros/humble/include/serial_driver/serial_driver.hpp:22[m[K,
                 from [01m[K/home/tungchiahui/UserFloder/mysource/ROS/ROS2_WS/8.ws_compro/src/cpp01_serial/src/demo02_uart_receive.cpp:2[m[K:
[01m[K/opt/ros/humble/include/serial_driver/serial_port.hpp:216:30:[m[K [01;36m[Knote: [m[K  initializing argument 1 of ‚Äò[01m[Kvoid drivers::serial_driver::SerialPort::async_receive(drivers::serial_driver::Functor)[m[K‚Äô
  216 |   void async_receive([01;36m[KFunctor func[m[K);
      |                      [01;36m[K~~~~~~~~^~~~[m[K
gmake[2]: *** [CMakeFiles/demo02_uart_receive.dir/build.make:76: CMakeFiles/demo02_uart_receive.dir/src/demo02_uart_receive.cpp.o] Error 1
gmake[1]: *** [CMakeFiles/Makefile2:165: CMakeFiles/demo02_uart_receive.dir/all] Error 2
gmake: *** [Makefile:146: all] Error 2
