[0.009s] Invoking command in '/home/tungchiahui/mysource/ros2src/1.demo_ws/build/pkg01_helloworld_cpp': CMAKE_PREFIX_PATH=${CMAKE_PREFIX_PATH}:/opt/ros/humble /usr/bin/cmake --build /home/tungchiahui/mysource/ros2src/1.demo_ws/build/pkg01_helloworld_cpp -- -j16 -l16
[0.045s] [ 50%] [32mBuilding CXX object CMakeFiles/helloworld.dir/src/helloworld.cpp.o[0m
[1.703s] [01m[K/home/tungchiahui/mysource/ros2src/1.demo_ws/src/pkg01_helloworld_cpp/src/helloworld.cpp:[m[K In function â€˜[01m[Kint main(int, char**)[m[Kâ€™:
[1.703s] [01m[K/home/tungchiahui/mysource/ros2src/1.demo_ws/src/pkg01_helloworld_cpp/src/helloworld.cpp:7:29:[m[K [01;31m[Kerror: [m[Kâ€˜[01m[Kmakeshared[m[Kâ€™ is not a member of â€˜[01m[Krclcpp::Node[m[Kâ€™
[1.703s]     7 |   auto node = rclcpp::Node::[01;31m[Kmakeshared[m[K("helloworld_node");
[1.703s]       |                             [01;31m[K^~~~~~~~~~[m[K
[1.703s] In file included from [01m[K/opt/ros/humble/include/rclcpp/rclcpp/client.hpp:40[m[K,
[1.703s]                  from [01m[K/opt/ros/humble/include/rclcpp/rclcpp/callback_group.hpp:24[m[K,
[1.703s]                  from [01m[K/opt/ros/humble/include/rclcpp/rclcpp/any_executable.hpp:20[m[K,
[1.703s]                  from [01m[K/opt/ros/humble/include/rclcpp/rclcpp/memory_strategy.hpp:25[m[K,
[1.703s]                  from [01m[K/opt/ros/humble/include/rclcpp/rclcpp/memory_strategies.hpp:18[m[K,
[1.703s]                  from [01m[K/opt/ros/humble/include/rclcpp/rclcpp/executor_options.hpp:20[m[K,
[1.703s]                  from [01m[K/opt/ros/humble/include/rclcpp/rclcpp/executor.hpp:37[m[K,
[1.703s]                  from [01m[K/opt/ros/humble/include/rclcpp/rclcpp/executors/multi_threaded_executor.hpp:25[m[K,
[1.703s]                  from [01m[K/opt/ros/humble/include/rclcpp/rclcpp/executors.hpp:21[m[K,
[1.703s]                  from [01m[K/opt/ros/humble/include/rclcpp/rclcpp/rclcpp.hpp:155[m[K,
[1.703s]                  from [01m[K/home/tungchiahui/mysource/ros2src/1.demo_ws/src/pkg01_helloworld_cpp/src/helloworld.cpp:1[m[K:
[1.703s] [01m[K/home/tungchiahui/mysource/ros2src/1.demo_ws/src/pkg01_helloworld_cpp/src/helloworld.cpp:9:3:[m[K [01;31m[Kerror: [m[Ktemplate argument 1 is invalid
[1.703s]     9 |   [01;31m[KRCLCPP_INFO[m[K(node->get_logger(),"hello world!");
[1.703s]       |   [01;31m[K^~~~~~~~~~~[m[K
[1.705s] [01m[K/home/tungchiahui/mysource/ros2src/1.demo_ws/src/pkg01_helloworld_cpp/src/helloworld.cpp:9:3:[m[K [01;31m[Kerror: [m[Kâ€˜[01m[K<declaration error>[m[Kâ€™ is not a template [[01;31m[K]8;;https://gcc.gnu.org/onlinedocs/gcc/Warning-Options.html#index-fpermissive-fpermissive]8;;[m[K]
[1.705s]     9 |   [01;31m[KRCLCPP_INFO[m[K(node->get_logger(),"hello world!");
[1.705s]       |   [01;31m[K^~~~~~~~~~~[m[K
[1.705s] [01m[K/home/tungchiahui/mysource/ros2src/1.demo_ws/src/pkg01_helloworld_cpp/src/helloworld.cpp:9:3:[m[K [01;31m[Kerror: [m[Ktemplate argument 1 is invalid
[1.705s]     9 |   [01;31m[KRCLCPP_INFO[m[K(node->get_logger(),"hello world!");
[1.705s]       |   [01;31m[K^~~~~~~~~~~[m[K
[1.705s] [01m[K/home/tungchiahui/mysource/ros2src/1.demo_ws/src/pkg01_helloworld_cpp/src/helloworld.cpp:9:3:[m[K [01;31m[Kerror: [m[Kâ€˜[01m[K<declaration error>[m[Kâ€™ is not a template [[01;31m[K]8;;https://gcc.gnu.org/onlinedocs/gcc/Warning-Options.html#index-fpermissive-fpermissive]8;;[m[K]
[1.705s]     9 |   [01;31m[KRCLCPP_INFO[m[K(node->get_logger(),"hello world!");
[1.705s]       |   [01;31m[K^~~~~~~~~~~[m[K
[1.705s] [01m[K/home/tungchiahui/mysource/ros2src/1.demo_ws/src/pkg01_helloworld_cpp/src/helloworld.cpp:9:3:[m[K [01;31m[Kerror: [m[Ktemplate argument 1 is invalid
[1.705s]     9 |   [01;31m[KRCLCPP_INFO[m[K(node->get_logger(),"hello world!");
[1.705s]       |   [01;31m[K^~~~~~~~~~~[m[K
[2.027s] gmake[2]: *** [CMakeFiles/helloworld.dir/build.make:76: CMakeFiles/helloworld.dir/src/helloworld.cpp.o] Error 1
[2.027s] gmake[1]: *** [CMakeFiles/Makefile2:137: CMakeFiles/helloworld.dir/all] Error 2
[2.028s] gmake: *** [Makefile:146: all] Error 2
[2.029s] Invoked command in '/home/tungchiahui/mysource/ros2src/1.demo_ws/build/pkg01_helloworld_cpp' returned '2': CMAKE_PREFIX_PATH=${CMAKE_PREFIX_PATH}:/opt/ros/humble /usr/bin/cmake --build /home/tungchiahui/mysource/ros2src/1.demo_ws/build/pkg01_helloworld_cpp -- -j16 -l16
