[0.011s] Invoking command in '/home/tungchiahui/mysource/ros2src/3.ws01_plumbing/build/cpp03_action': CMAKE_PREFIX_PATH=/home/tungchiahui/mysource/ros2src/3.ws01_plumbing/install/base_interfaces_demo:/home/tungchiahui/mysource/ros2src/3.ws01_plumbing/install/cpp03_action:/home/tungchiahui/mysource/ros2src/3.ws01_plumbing/install/cpp02_service:/home/tungchiahui/mysource/ros2src/3.ws01_plumbing/install/cpp01_topic:/opt/ros/humble /usr/bin/cmake --build /home/tungchiahui/mysource/ros2src/3.ws01_plumbing/build/cpp03_action -- -j16 -l16
[0.035s] [35m[1mConsolidate compiler generated dependencies of target demo02_action_client[0m
[0.042s] [ 50%] Built target demo01_action_server
[0.045s] [ 75%] [32mBuilding CXX object CMakeFiles/demo02_action_client.dir/src/demo02_action_client.cpp.o[0m
[1.584s] In file included from [01m[K/usr/include/c++/11/pstl/glue_algorithm_defs.h:13[m[K,
[1.585s]                  from [01m[K/usr/include/c++/11/algorithm:74[m[K,
[1.585s]                  from [01m[K/opt/ros/humble/include/rclcpp/rclcpp/executor.hpp:18[m[K,
[1.585s]                  from [01m[K/opt/ros/humble/include/rclcpp/rclcpp/executors/multi_threaded_executor.hpp:25[m[K,
[1.585s]                  from [01m[K/opt/ros/humble/include/rclcpp/rclcpp/executors.hpp:21[m[K,
[1.585s]                  from [01m[K/opt/ros/humble/include/rclcpp/rclcpp/rclcpp.hpp:155[m[K,
[1.585s]                  from [01m[K/home/tungchiahui/mysource/ros2src/3.ws01_plumbing/src/cpp03_action/src/demo02_action_client.cpp:1[m[K:
[1.585s] /usr/include/c++/11/functional: In instantiation of â€˜[01m[Kstruct std::_Bind_check_arity<void (ProgressActionClient::*)()>[m[Kâ€™:
[1.585s] [01m[K/usr/include/c++/11/functional:768:12:[m[K   required from â€˜[01m[Kstruct std::_Bind_helper<false, void (ProgressActionClient::*)()>[m[Kâ€™
[1.585s] [01m[K/usr/include/c++/11/functional:789:5:[m[K   required by substitution of â€˜[01m[Ktemplate<class _Func, class ... _BoundArgs> typename std::_Bind_helper<std::__is_socketlike<_Func>::value, _Func, _BoundArgs ...>::type std::bind(_Func&&, _BoundArgs&& ...) [with _Func = void (ProgressActionClient::*)(); _BoundArgs = {}][m[Kâ€™
[1.585s] [01m[K/home/tungchiahui/mysource/ros2src/3.ws01_plumbing/src/cpp03_action/src/demo02_action_client.cpp:40:47:[m[K   required from here
[1.585s] [01m[K/usr/include/c++/11/functional:756:21:[m[K [01;31m[Kerror: [m[Kstatic assertion failed: Wrong number of arguments for pointer-to-member
[1.585s]   755 |       static_assert(_Varargs::[01;31m[Kvalue[m[K
[1.585s]       |                               [01;31m[K~~~~~[m[K
[1.585s]   756 | [01;31m[K                    ? sizeof...(_BoundArgs) >= _Arity::value + 1[m[K
[1.585s]       |                     [01;31m[K^~~~~~~~~~~~~~~~~~~~~~~~~~~~~~~~~~~~~~~~~~~~[m[K
[1.585s]   757 | [01;31m[K                    : sizeof...(_BoundArgs) == _Arity::value + 1[m[K,
[1.585s]       |                     [01;31m[K~~~~~~~~~~~~~~~~~~~~~~~~~~~~~~~~~~~~~~~~~~~~[m[K
[1.585s] [01m[K/usr/include/c++/11/functional:756:21:[m[K [01;36m[Knote: [m[Kâ€˜[01m[K(false ? (0 >= (((long unsigned int)std::integral_constant<long unsigned int, 0>::value) + 1)) : (0 == (((long unsigned int)std::integral_constant<long unsigned int, 0>::value) + 1)))[m[Kâ€™ evaluates to false
[1.585s] /usr/include/c++/11/functional: In substitution of â€˜[01m[Ktemplate<class _Functor, class ... _Bound_args> template<class _Fn, class _CallArgs, class ... _BArgs> using _Res_type_impl = typename std::result_of<_Fn&(decltype (std::_Mu<typename std::remove_cv<_BArgs>::type, std::is_bind_expression<typename std::remove_cv<_BArgs>::type>::value, (std::is_placeholder<typename std::remove_cv<_BArgs>::type>::value > 0)>()(declval<_BArgs&>(), declval<_CallArgs&>()))&& ...)>::type [with _Fn = void (ProgressActionClient::*)(); _CallArgs = _CallArgs; _BArgs = {}; _Functor = void (ProgressActionClient::*)(); _Bound_args = {}][m[Kâ€™:
[1.585s] [01m[K/usr/include/c++/11/functional:468:8:[m[K   required from â€˜[01m[Kclass std::_Bind<void (ProgressActionClient::*())()>[m[Kâ€™
[1.585s] [01m[K/home/tungchiahui/mysource/ros2src/3.ws01_plumbing/src/cpp03_action/src/demo02_action_client.cpp:40:47:[m[K   required from here
[1.585s] [01m[K/usr/include/c++/11/functional:464:15:[m[K [01;31m[Kerror: [m[Kno type named â€˜[01m[Ktype[m[Kâ€™ in â€˜[01m[Kstruct std::result_of<void (ProgressActionClient::*&())()>[m[Kâ€™
[1.585s]   464 |         using [01;31m[K_Res_type_impl[m[K
[1.585s]       |               [01;31m[K^~~~~~~~~~~~~~[m[K
[1.585s] /usr/include/c++/11/functional: In substitution of â€˜[01m[Ktemplate<class _Functor, class ... _Bound_args> template<class _Fn, class _CallArgs, class ... _BArgs> using _Res_type_impl = typename std::result_of<_Fn&(decltype (std::_Mu<typename std::remove_cv<_BArgs>::type, std::is_bind_expression<typename std::remove_cv<_BArgs>::type>::value, (std::is_placeholder<typename std::remove_cv<_BArgs>::type>::value > 0)>()(declval<_BArgs&>(), declval<_CallArgs&>()))&& ...)>::type [with _Fn = void (ProgressActionClient::*)(); _CallArgs = std::tuple<_Tps ...>; _BArgs = {}; _Functor = void (ProgressActionClient::*)(); _Bound_args = {}][m[Kâ€™:
[1.586s] [01m[K/usr/include/c++/11/functional:468:8:[m[K   required by substitution of â€˜[01m[Ktemplate<class _Functor, class ... _Bound_args> template<class _CallArgs> using _Res_type = std::_Bind<_Functor(_Bound_args ...)>::_Res_type_impl<_Functor, _CallArgs, _Bound_args ...> [with _CallArgs = std::tuple<_Tps ...>; _Functor = void (ProgressActionClient::*)(); _Bound_args = {}][m[Kâ€™
[1.586s] [01m[K/usr/include/c++/11/functional:501:2:[m[K   required from â€˜[01m[Kclass std::_Bind<void (ProgressActionClient::*())()>[m[Kâ€™
[1.586s] [01m[K/home/tungchiahui/mysource/ros2src/3.ws01_plumbing/src/cpp03_action/src/demo02_action_client.cpp:40:47:[m[K   required from here
[1.586s] [01m[K/usr/include/c++/11/functional:464:15:[m[K [01;31m[Kerror: [m[Kno type named â€˜[01m[Ktype[m[Kâ€™ in â€˜[01m[Kstruct std::result_of<void (ProgressActionClient::*&())()>[m[Kâ€™
[1.586s] [01m[K/home/tungchiahui/mysource/ros2src/3.ws01_plumbing/src/cpp03_action/src/demo02_action_client.cpp:[m[K In member function â€˜[01m[Kvoid ProgressActionClient::send_goal(int32_t)[m[Kâ€™:
[1.586s] [01m[K/home/tungchiahui/mysource/ros2src/3.ws01_plumbing/src/cpp03_action/src/demo02_action_client.cpp:40:37:[m[K [01;31m[Kerror: [m[Kno match for call to â€˜[01m[K(rclcpp_action::Client<base_interfaces_demo::action::Progress>::GoalResponseCallback {aka std::function<void(std::shared_ptr<rclcpp_action::ClientGoalHandle<base_interfaces_demo::action::Progress> >)>}) (std::_Bind_helper<false, void (ProgressActionClient::*)()>::type, ProgressActionClient*)[m[Kâ€™
[1.586s]    40 |       [01;31m[Koptions.goal_response_callback(std::bind(&ProgressActionClient::goal_response_callback),this)[m[K;
[1.586s]       |       [01;31m[K~~~~~~~~~~~~~~~~~~~~~~~~~~~~~~^~~~~~~~~~~~~~~~~~~~~~~~~~~~~~~~~~~~~~~~~~~~~~~~~~~~~~~~~~~~~~~[m[K
[1.586s] In file included from [01m[K/usr/include/c++/11/future:47[m[K,
[1.586s]                  from [01m[K/opt/ros/humble/include/rclcpp/rclcpp/executors.hpp:18[m[K,
[1.586s]                  from [01m[K/opt/ros/humble/include/rclcpp/rclcpp/rclcpp.hpp:155[m[K,
[1.586s]                  from [01m[K/home/tungchiahui/mysource/ros2src/3.ws01_plumbing/src/cpp03_action/src/demo02_action_client.cpp:1[m[K:
[1.586s] [01m[K/usr/include/c++/11/bits/std_function.h:586:7:[m[K [01;36m[Knote: [m[Kcandidate: â€˜[01m[K_Res std::function<_Res(_ArgTypes ...)>::operator()(_ArgTypes ...) const [with _Res = void; _ArgTypes = {std::shared_ptr<rclcpp_action::ClientGoalHandle<base_interfaces_demo::action::Progress> >}][m[Kâ€™
[1.586s]   586 |       [01;36m[Koperator[m[K()(_ArgTypes... __args) const
[1.586s]       |       [01;36m[K^~~~~~~~[m[K
[1.586s] [01m[K/usr/include/c++/11/bits/std_function.h:586:7:[m[K [01;36m[Knote: [m[K  candidate expects 1 argument, 2 provided
[1.587s] [01m[K/home/tungchiahui/mysource/ros2src/3.ws01_plumbing/src/cpp03_action/src/demo02_action_client.cpp:41:32:[m[K [01;31m[Kerror: [m[Kno match for call to â€˜[01m[K(rclcpp_action::Client<base_interfaces_demo::action::Progress>::FeedbackCallback {aka std::function<void(std::shared_ptr<rclcpp_action::ClientGoalHandle<base_interfaces_demo::action::Progress> >, std::shared_ptr<const base_interfaces_demo::action::Progress_Feedback_<std::allocator<void> > >)>}) (std::_Bind_helper<false, void (ProgressActionClient::*)()>::type, ProgressActionClient*)[m[Kâ€™
[1.587s]    41 |       [01;31m[Koptions.feedback_callback(std::bind(&ProgressActionClient::feedback_callback),this)[m[K;
[1.587s]       |       [01;31m[K~~~~~~~~~~~~~~~~~~~~~~~~~^~~~~~~~~~~~~~~~~~~~~~~~~~~~~~~~~~~~~~~~~~~~~~~~~~~~~~~~~~[m[K
[1.587s] In file included from [01m[K/usr/include/c++/11/future:47[m[K,
[1.587s]                  from [01m[K/opt/ros/humble/include/rclcpp/rclcpp/executors.hpp:18[m[K,
[1.587s]                  from [01m[K/opt/ros/humble/include/rclcpp/rclcpp/rclcpp.hpp:155[m[K,
[1.587s]                  from [01m[K/home/tungchiahui/mysource/ros2src/3.ws01_plumbing/src/cpp03_action/src/demo02_action_client.cpp:1[m[K:
[1.587s] [01m[K/usr/include/c++/11/bits/std_function.h:586:7:[m[K [01;36m[Knote: [m[Kcandidate: â€˜[01m[K_Res std::function<_Res(_ArgTypes ...)>::operator()(_ArgTypes ...) const [with _Res = void; _ArgTypes = {std::shared_ptr<rclcpp_action::ClientGoalHandle<base_interfaces_demo::action::Progress> >, std::shared_ptr<const base_interfaces_demo::action::Progress_Feedback_<std::allocator<void> > >}][m[Kâ€™
[1.587s]   586 |       [01;36m[Koperator[m[K()(_ArgTypes... __args) const
[1.587s]       |       [01;36m[K^~~~~~~~[m[K
[1.587s] [01m[K/usr/include/c++/11/bits/std_function.h:586:27:[m[K [01;36m[Knote: [m[K  no known conversion for argument 1 from â€˜[01m[Kstd::_Bind_helper<false, void (ProgressActionClient::*)()>::type[m[Kâ€™ to â€˜[01m[Kstd::shared_ptr<rclcpp_action::ClientGoalHandle<base_interfaces_demo::action::Progress> >[m[Kâ€™
[1.587s]   586 |       operator()([01;36m[K_ArgTypes... __args[m[K) const
[1.587s]       |                  [01;36m[K~~~~~~~~~^~~~~~~~~~[m[K
[1.587s] [01m[K/home/tungchiahui/mysource/ros2src/3.ws01_plumbing/src/cpp03_action/src/demo02_action_client.cpp:42:30:[m[K [01;31m[Kerror: [m[Kno match for call to â€˜[01m[K(rclcpp_action::Client<base_interfaces_demo::action::Progress>::ResultCallback {aka std::function<void(const rclcpp_action::ClientGoalHandle<base_interfaces_demo::action::Progress>::WrappedResult&)>}) (std::_Bind_helper<false, void (ProgressActionClient::*)()>::type, ProgressActionClient*)[m[Kâ€™
[1.587s]    42 |       [01;31m[Koptions.result_callback(std::bind(&ProgressActionClient::result_callback),this)[m[K;
[1.587s]       |       [01;31m[K~~~~~~~~~~~~~~~~~~~~~~~^~~~~~~~~~~~~~~~~~~~~~~~~~~~~~~~~~~~~~~~~~~~~~~~~~~~~~~~[m[K
[1.587s] In file included from [01m[K/usr/include/c++/11/future:47[m[K,
[1.587s]                  from [01m[K/opt/ros/humble/include/rclcpp/rclcpp/executors.hpp:18[m[K,
[1.587s]                  from [01m[K/opt/ros/humble/include/rclcpp/rclcpp/rclcpp.hpp:155[m[K,
[1.587s]                  from [01m[K/home/tungchiahui/mysource/ros2src/3.ws01_plumbing/src/cpp03_action/src/demo02_action_client.cpp:1[m[K:
[1.587s] [01m[K/usr/include/c++/11/bits/std_function.h:586:7:[m[K [01;36m[Knote: [m[Kcandidate: â€˜[01m[K_Res std::function<_Res(_ArgTypes ...)>::operator()(_ArgTypes ...) const [with _Res = void; _ArgTypes = {const rclcpp_action::ClientGoalHandle<base_interfaces_demo::action::Progress>::WrappedResult&}][m[Kâ€™
[1.587s]   586 |       [01;36m[Koperator[m[K()(_ArgTypes... __args) const
[1.587s]       |       [01;36m[K^~~~~~~~[m[K
[1.587s] [01m[K/usr/include/c++/11/bits/std_function.h:586:7:[m[K [01;36m[Knote: [m[K  candidate expects 1 argument, 2 provided
[2.030s] gmake[2]: *** [CMakeFiles/demo02_action_client.dir/build.make:76: CMakeFiles/demo02_action_client.dir/src/demo02_action_client.cpp.o] Error 1
[2.030s] gmake[1]: *** [CMakeFiles/Makefile2:165: CMakeFiles/demo02_action_client.dir/all] Error 2
[2.030s] gmake: *** [Makefile:146: all] Error 2
[2.033s] Invoked command in '/home/tungchiahui/mysource/ros2src/3.ws01_plumbing/build/cpp03_action' returned '2': CMAKE_PREFIX_PATH=/home/tungchiahui/mysource/ros2src/3.ws01_plumbing/install/base_interfaces_demo:/home/tungchiahui/mysource/ros2src/3.ws01_plumbing/install/cpp03_action:/home/tungchiahui/mysource/ros2src/3.ws01_plumbing/install/cpp02_service:/home/tungchiahui/mysource/ros2src/3.ws01_plumbing/install/cpp01_topic:/opt/ros/humble /usr/bin/cmake --build /home/tungchiahui/mysource/ros2src/3.ws01_plumbing/build/cpp03_action -- -j16 -l16
